mode: atomic
github.com/ln0rd/tech_challenge_12soat/internal/interface/http/middleware/auth.go:17.94,22.2 1 0
github.com/ln0rd/tech_challenge_12soat/internal/interface/http/middleware/auth.go:24.72,25.71 1 0
github.com/ln0rd/tech_challenge_12soat/internal/interface/http/middleware/auth.go:25.71,30.23 3 0
github.com/ln0rd/tech_challenge_12soat/internal/interface/http/middleware/auth.go:30.23,34.4 3 0
github.com/ln0rd/tech_challenge_12soat/internal/interface/http/middleware/auth.go:37.3,37.48 1 0
github.com/ln0rd/tech_challenge_12soat/internal/interface/http/middleware/auth.go:37.48,41.4 3 0
github.com/ln0rd/tech_challenge_12soat/internal/interface/http/middleware/auth.go:44.3,45.18 2 0
github.com/ln0rd/tech_challenge_12soat/internal/interface/http/middleware/auth.go:45.18,49.4 3 0
github.com/ln0rd/tech_challenge_12soat/internal/interface/http/middleware/auth.go:52.3,53.17 2 0
github.com/ln0rd/tech_challenge_12soat/internal/interface/http/middleware/auth.go:53.17,57.4 3 0
github.com/ln0rd/tech_challenge_12soat/internal/interface/http/middleware/auth.go:59.3,66.40 4 0
github.com/ln0rd/tech_challenge_12soat/internal/interface/http/middleware/authorization.go:14.78,18.2 1 0
github.com/ln0rd/tech_challenge_12soat/internal/interface/http/middleware/authorization.go:21.92,22.54 1 0
github.com/ln0rd/tech_challenge_12soat/internal/interface/http/middleware/authorization.go:22.54,24.10 2 0
github.com/ln0rd/tech_challenge_12soat/internal/interface/http/middleware/authorization.go:24.10,28.4 3 0
github.com/ln0rd/tech_challenge_12soat/internal/interface/http/middleware/authorization.go:30.3,30.36 1 0
github.com/ln0rd/tech_challenge_12soat/internal/interface/http/middleware/authorization.go:30.36,36.4 3 0
github.com/ln0rd/tech_challenge_12soat/internal/interface/http/middleware/authorization.go:38.3,43.23 2 0
github.com/ln0rd/tech_challenge_12soat/internal/interface/http/middleware/authorization.go:48.96,49.54 1 0
github.com/ln0rd/tech_challenge_12soat/internal/interface/http/middleware/authorization.go:49.54,51.10 2 0
github.com/ln0rd/tech_challenge_12soat/internal/interface/http/middleware/authorization.go:51.10,55.4 3 0
github.com/ln0rd/tech_challenge_12soat/internal/interface/http/middleware/authorization.go:57.3,57.41 1 0
github.com/ln0rd/tech_challenge_12soat/internal/interface/http/middleware/authorization.go:57.41,63.4 3 0
github.com/ln0rd/tech_challenge_12soat/internal/interface/http/middleware/authorization.go:65.3,70.23 2 0
github.com/ln0rd/tech_challenge_12soat/internal/interface/http/middleware/authorization.go:75.89,76.54 1 0
github.com/ln0rd/tech_challenge_12soat/internal/interface/http/middleware/authorization.go:76.54,78.10 2 0
github.com/ln0rd/tech_challenge_12soat/internal/interface/http/middleware/authorization.go:78.10,82.4 3 0
github.com/ln0rd/tech_challenge_12soat/internal/interface/http/middleware/authorization.go:84.3,84.33 1 0
github.com/ln0rd/tech_challenge_12soat/internal/interface/http/middleware/authorization.go:84.33,90.4 3 0
github.com/ln0rd/tech_challenge_12soat/internal/interface/http/middleware/authorization.go:92.3,97.23 2 0
github.com/ln0rd/tech_challenge_12soat/internal/interface/http/middleware/authorization.go:102.99,103.54 1 0
github.com/ln0rd/tech_challenge_12soat/internal/interface/http/middleware/authorization.go:103.54,105.10 2 0
github.com/ln0rd/tech_challenge_12soat/internal/interface/http/middleware/authorization.go:105.10,109.4 3 0
github.com/ln0rd/tech_challenge_12soat/internal/interface/http/middleware/authorization.go:111.3,111.66 1 0
github.com/ln0rd/tech_challenge_12soat/internal/interface/http/middleware/authorization.go:111.66,117.4 3 0
github.com/ln0rd/tech_challenge_12soat/internal/interface/http/middleware/authorization.go:119.3,124.23 2 0
github.com/ln0rd/tech_challenge_12soat/internal/interface/http/middleware/headers.go:9.49,10.71 1 0
github.com/ln0rd/tech_challenge_12soat/internal/interface/http/middleware/headers.go:10.71,22.28 7 0
github.com/ln0rd/tech_challenge_12soat/internal/interface/http/middleware/headers.go:22.28,25.4 2 0
github.com/ln0rd/tech_challenge_12soat/internal/interface/http/middleware/headers.go:27.3,27.23 1 0
github.com/ln0rd/tech_challenge_12soat/cmd/main.go:37.13,39.53 2 0
github.com/ln0rd/tech_challenge_12soat/cmd/main.go:39.53,41.3 1 0
github.com/ln0rd/tech_challenge_12soat/cmd/main.go:43.2,44.16 2 0
github.com/ln0rd/tech_challenge_12soat/cmd/main.go:44.16,45.13 1 0
github.com/ln0rd/tech_challenge_12soat/cmd/main.go:47.2,52.40 3 0
github.com/ln0rd/tech_challenge_12soat/cmd/main.go:52.40,56.3 1 0
github.com/ln0rd/tech_challenge_12soat/cmd/main.go:56.8,62.3 2 0
github.com/ln0rd/tech_challenge_12soat/cmd/main.go:64.2,65.20 2 0
github.com/ln0rd/tech_challenge_12soat/cmd/main.go:65.20,68.3 2 0
github.com/ln0rd/tech_challenge_12soat/cmd/main.go:70.2,82.49 8 0
github.com/ln0rd/tech_challenge_12soat/cmd/main.go:85.29,87.16 2 0
github.com/ln0rd/tech_challenge_12soat/cmd/main.go:87.16,89.3 1 0
github.com/ln0rd/tech_challenge_12soat/cmd/main.go:90.2,90.12 1 0
github.com/ln0rd/tech_challenge_12soat/cmd/main.go:93.295,234.2 45 0
github.com/ln0rd/tech_challenge_12soat/internal/infrastructure/logger/logger.go:21.47,25.2 1 0
github.com/ln0rd/tech_challenge_12soat/internal/infrastructure/logger/logger.go:28.60,30.2 1 0
github.com/ln0rd/tech_challenge_12soat/internal/infrastructure/logger/logger.go:33.61,35.2 1 0
github.com/ln0rd/tech_challenge_12soat/internal/infrastructure/logger/logger.go:38.60,40.2 1 0
github.com/ln0rd/tech_challenge_12soat/internal/infrastructure/logger/logger.go:43.61,45.2 1 0
github.com/ln0rd/tech_challenge_12soat/internal/infrastructure/db/db.go:17.33,32.86 8 0
github.com/ln0rd/tech_challenge_12soat/internal/infrastructure/db/db.go:32.86,34.3 1 0
github.com/ln0rd/tech_challenge_12soat/internal/infrastructure/db/db.go:36.2,42.16 4 0
github.com/ln0rd/tech_challenge_12soat/internal/infrastructure/db/db.go:42.16,45.3 2 0
github.com/ln0rd/tech_challenge_12soat/internal/infrastructure/db/db.go:47.2,51.16 4 0
github.com/ln0rd/tech_challenge_12soat/internal/infrastructure/db/db.go:51.16,54.3 2 0
github.com/ln0rd/tech_challenge_12soat/internal/infrastructure/db/db.go:56.2,58.9 2 0
github.com/ln0rd/tech_challenge_12soat/internal/infrastructure/auth/auth_repository.go:18.73,23.2 1 0
github.com/ln0rd/tech_challenge_12soat/internal/infrastructure/auth/auth_repository.go:25.82,29.74 3 0
github.com/ln0rd/tech_challenge_12soat/internal/infrastructure/auth/auth_repository.go:29.74,32.3 2 0
github.com/ln0rd/tech_challenge_12soat/internal/infrastructure/auth/auth_repository.go:34.2,41.8 2 0
github.com/ln0rd/tech_challenge_12soat/internal/infrastructure/auth/auth_repository.go:44.73,48.74 3 0
github.com/ln0rd/tech_challenge_12soat/internal/infrastructure/auth/auth_repository.go:48.74,51.3 2 0
github.com/ln0rd/tech_challenge_12soat/internal/infrastructure/auth/auth_repository.go:54.2,55.16 2 0
github.com/ln0rd/tech_challenge_12soat/internal/infrastructure/auth/auth_repository.go:55.16,58.3 2 0
github.com/ln0rd/tech_challenge_12soat/internal/infrastructure/auth/auth_repository.go:60.2,61.12 2 0
github.com/ln0rd/tech_challenge_12soat/internal/infrastructure/auth/jwt_service.go:22.52,24.21 2 0
github.com/ln0rd/tech_challenge_12soat/internal/infrastructure/auth/jwt_service.go:24.21,26.3 1 0
github.com/ln0rd/tech_challenge_12soat/internal/infrastructure/auth/jwt_service.go:28.2,29.25 2 0
github.com/ln0rd/tech_challenge_12soat/internal/infrastructure/auth/jwt_service.go:29.25,31.3 1 0
github.com/ln0rd/tech_challenge_12soat/internal/infrastructure/auth/jwt_service.go:33.2,37.3 1 0
github.com/ln0rd/tech_challenge_12soat/internal/infrastructure/auth/jwt_service.go:40.78,57.16 7 0
github.com/ln0rd/tech_challenge_12soat/internal/infrastructure/auth/jwt_service.go:57.16,60.3 2 0
github.com/ln0rd/tech_challenge_12soat/internal/infrastructure/auth/jwt_service.go:62.2,63.25 2 0
github.com/ln0rd/tech_challenge_12soat/internal/infrastructure/auth/jwt_service.go:66.80,69.83 2 0
github.com/ln0rd/tech_challenge_12soat/internal/infrastructure/auth/jwt_service.go:69.83,70.58 1 0
github.com/ln0rd/tech_challenge_12soat/internal/infrastructure/auth/jwt_service.go:70.58,72.4 1 0
github.com/ln0rd/tech_challenge_12soat/internal/infrastructure/auth/jwt_service.go:73.3,73.26 1 0
github.com/ln0rd/tech_challenge_12soat/internal/infrastructure/auth/jwt_service.go:76.2,76.16 1 0
github.com/ln0rd/tech_challenge_12soat/internal/infrastructure/auth/jwt_service.go:76.16,79.3 2 0
github.com/ln0rd/tech_challenge_12soat/internal/infrastructure/auth/jwt_service.go:81.2,81.18 1 0
github.com/ln0rd/tech_challenge_12soat/internal/infrastructure/auth/jwt_service.go:81.18,84.3 2 0
github.com/ln0rd/tech_challenge_12soat/internal/infrastructure/auth/jwt_service.go:86.2,87.9 2 0
github.com/ln0rd/tech_challenge_12soat/internal/infrastructure/auth/jwt_service.go:87.9,90.3 2 0
github.com/ln0rd/tech_challenge_12soat/internal/infrastructure/auth/jwt_service.go:92.2,93.16 2 0
github.com/ln0rd/tech_challenge_12soat/internal/infrastructure/auth/jwt_service.go:93.16,96.3 2 0
github.com/ln0rd/tech_challenge_12soat/internal/infrastructure/auth/jwt_service.go:98.2,108.26 3 0
github.com/ln0rd/tech_challenge_12soat/internal/infrastructure/auth/jwt_service.go:111.77,117.16 4 0
github.com/ln0rd/tech_challenge_12soat/internal/infrastructure/auth/jwt_service.go:117.16,120.3 2 0
github.com/ln0rd/tech_challenge_12soat/internal/infrastructure/auth/jwt_service.go:122.2,124.25 3 0
github.com/ln0rd/tech_challenge_12soat/internal/infrastructure/auth/jwt_service.go:127.83,133.16 3 0
github.com/ln0rd/tech_challenge_12soat/internal/infrastructure/auth/jwt_service.go:133.16,136.3 2 0
github.com/ln0rd/tech_challenge_12soat/internal/infrastructure/auth/jwt_service.go:140.2,141.22 2 0
github.com/ln0rd/tech_challenge_12soat/internal/infrastructure/db/models/customer.go:18.39,20.2 1 0
github.com/ln0rd/tech_challenge_12soat/internal/infrastructure/db/models/input.go:20.36,22.2 1 0
github.com/ln0rd/tech_challenge_12soat/internal/infrastructure/db/models/order.go:18.36,20.2 1 0
github.com/ln0rd/tech_challenge_12soat/internal/infrastructure/db/models/order_input.go:20.42,22.2 1 0
github.com/ln0rd/tech_challenge_12soat/internal/infrastructure/db/models/order_status_history.go:18.51,20.2 1 0
github.com/ln0rd/tech_challenge_12soat/internal/infrastructure/db/models/user.go:20.35,22.2 1 0
github.com/ln0rd/tech_challenge_12soat/internal/infrastructure/db/models/vehicle.go:22.38,24.2 1 0
github.com/ln0rd/tech_challenge_12soat/internal/interface/http/router.go:27.463,41.2 1 0
github.com/ln0rd/tech_challenge_12soat/internal/interface/http/router.go:43.50,125.2 49 0
github.com/ln0rd/tech_challenge_12soat/internal/interface/persistence/customer.go:10.78,11.18 1 0
github.com/ln0rd/tech_challenge_12soat/internal/interface/persistence/customer.go:11.18,13.3 1 0
github.com/ln0rd/tech_challenge_12soat/internal/interface/persistence/customer.go:14.2,21.3 1 0
github.com/ln0rd/tech_challenge_12soat/internal/interface/persistence/customer.go:24.78,25.19 1 0
github.com/ln0rd/tech_challenge_12soat/internal/interface/persistence/customer.go:25.19,27.3 1 0
github.com/ln0rd/tech_challenge_12soat/internal/interface/persistence/customer.go:28.2,35.3 1 0
github.com/ln0rd/tech_challenge_12soat/internal/interface/persistence/input.go:10.69,11.18 1 0
github.com/ln0rd/tech_challenge_12soat/internal/interface/persistence/input.go:11.18,13.3 1 0
github.com/ln0rd/tech_challenge_12soat/internal/interface/persistence/input.go:14.2,23.3 1 0
github.com/ln0rd/tech_challenge_12soat/internal/interface/persistence/input.go:26.69,27.19 1 0
github.com/ln0rd/tech_challenge_12soat/internal/interface/persistence/input.go:27.19,29.3 1 0
github.com/ln0rd/tech_challenge_12soat/internal/interface/persistence/input.go:30.2,39.3 1 0
github.com/ln0rd/tech_challenge_12soat/internal/interface/persistence/order.go:10.69,11.18 1 0
github.com/ln0rd/tech_challenge_12soat/internal/interface/persistence/order.go:11.18,13.3 1 0
github.com/ln0rd/tech_challenge_12soat/internal/interface/persistence/order.go:14.2,21.3 1 0
github.com/ln0rd/tech_challenge_12soat/internal/interface/persistence/order.go:24.69,25.19 1 0
github.com/ln0rd/tech_challenge_12soat/internal/interface/persistence/order.go:25.19,27.3 1 0
github.com/ln0rd/tech_challenge_12soat/internal/interface/persistence/order.go:28.2,35.3 1 0
github.com/ln0rd/tech_challenge_12soat/internal/interface/persistence/order_input.go:10.84,11.18 1 0
github.com/ln0rd/tech_challenge_12soat/internal/interface/persistence/order_input.go:11.18,13.3 1 0
github.com/ln0rd/tech_challenge_12soat/internal/interface/persistence/order_input.go:14.2,23.3 1 0
github.com/ln0rd/tech_challenge_12soat/internal/interface/persistence/order_input.go:26.84,27.19 1 0
github.com/ln0rd/tech_challenge_12soat/internal/interface/persistence/order_input.go:27.19,29.3 1 0
github.com/ln0rd/tech_challenge_12soat/internal/interface/persistence/order_input.go:30.2,39.3 1 0
github.com/ln0rd/tech_challenge_12soat/internal/interface/persistence/order_status_history.go:10.108,11.18 1 0
github.com/ln0rd/tech_challenge_12soat/internal/interface/persistence/order_status_history.go:11.18,13.3 1 0
github.com/ln0rd/tech_challenge_12soat/internal/interface/persistence/order_status_history.go:14.2,21.3 1 0
github.com/ln0rd/tech_challenge_12soat/internal/interface/persistence/order_status_history.go:24.108,25.19 1 0
github.com/ln0rd/tech_challenge_12soat/internal/interface/persistence/order_status_history.go:25.19,27.3 1 0
github.com/ln0rd/tech_challenge_12soat/internal/interface/persistence/order_status_history.go:28.2,35.3 1 0
github.com/ln0rd/tech_challenge_12soat/internal/interface/persistence/user.go:10.66,11.18 1 0
github.com/ln0rd/tech_challenge_12soat/internal/interface/persistence/user.go:11.18,13.3 1 0
github.com/ln0rd/tech_challenge_12soat/internal/interface/persistence/user.go:14.2,23.3 1 0
github.com/ln0rd/tech_challenge_12soat/internal/interface/persistence/user.go:26.66,27.19 1 0
github.com/ln0rd/tech_challenge_12soat/internal/interface/persistence/user.go:27.19,29.3 1 0
github.com/ln0rd/tech_challenge_12soat/internal/interface/persistence/user.go:30.2,39.3 1 0
github.com/ln0rd/tech_challenge_12soat/internal/interface/persistence/vehicle.go:10.75,11.18 1 0
github.com/ln0rd/tech_challenge_12soat/internal/interface/persistence/vehicle.go:11.18,13.3 1 0
github.com/ln0rd/tech_challenge_12soat/internal/interface/persistence/vehicle.go:14.2,25.3 1 0
github.com/ln0rd/tech_challenge_12soat/internal/interface/persistence/vehicle.go:28.75,29.19 1 0
github.com/ln0rd/tech_challenge_12soat/internal/interface/persistence/vehicle.go:29.19,31.3 1 0
github.com/ln0rd/tech_challenge_12soat/internal/interface/persistence/vehicle.go:32.2,43.3 1 0
github.com/ln0rd/tech_challenge_12soat/internal/interface/http/controller/authController.go:23.39,24.21 1 0
github.com/ln0rd/tech_challenge_12soat/internal/interface/http/controller/authController.go:24.21,26.3 1 0
github.com/ln0rd/tech_challenge_12soat/internal/interface/http/controller/authController.go:27.2,27.40 1 0
github.com/ln0rd/tech_challenge_12soat/internal/interface/http/controller/authController.go:27.40,29.3 1 0
github.com/ln0rd/tech_challenge_12soat/internal/interface/http/controller/authController.go:30.2,30.24 1 0
github.com/ln0rd/tech_challenge_12soat/internal/interface/http/controller/authController.go:30.24,32.3 1 0
github.com/ln0rd/tech_challenge_12soat/internal/interface/http/controller/authController.go:33.2,33.27 1 0
github.com/ln0rd/tech_challenge_12soat/internal/interface/http/controller/authController.go:33.27,35.3 1 0
github.com/ln0rd/tech_challenge_12soat/internal/interface/http/controller/authController.go:36.2,36.12 1 0
github.com/ln0rd/tech_challenge_12soat/internal/interface/http/controller/authController.go:39.73,41.61 2 0
github.com/ln0rd/tech_challenge_12soat/internal/interface/http/controller/authController.go:41.61,45.3 3 0
github.com/ln0rd/tech_challenge_12soat/internal/interface/http/controller/authController.go:47.2,49.39 2 0
github.com/ln0rd/tech_challenge_12soat/internal/interface/http/controller/authController.go:49.39,53.3 3 0
github.com/ln0rd/tech_challenge_12soat/internal/interface/http/controller/authController.go:55.2,64.16 5 0
github.com/ln0rd/tech_challenge_12soat/internal/interface/http/controller/authController.go:64.16,68.3 3 0
github.com/ln0rd/tech_challenge_12soat/internal/interface/http/controller/authController.go:70.2,74.37 4 0
github.com/ln0rd/tech_challenge_12soat/internal/interface/http/controller/customerController.go:41.42,42.38 1 0
github.com/ln0rd/tech_challenge_12soat/internal/interface/http/controller/customerController.go:42.38,44.3 1 0
github.com/ln0rd/tech_challenge_12soat/internal/interface/http/controller/customerController.go:45.2,45.56 1 0
github.com/ln0rd/tech_challenge_12soat/internal/interface/http/controller/customerController.go:45.56,47.3 1 0
github.com/ln0rd/tech_challenge_12soat/internal/interface/http/controller/customerController.go:48.2,48.86 1 0
github.com/ln0rd/tech_challenge_12soat/internal/interface/http/controller/customerController.go:48.86,50.3 1 0
github.com/ln0rd/tech_challenge_12soat/internal/interface/http/controller/customerController.go:51.2,51.12 1 0
github.com/ln0rd/tech_challenge_12soat/internal/interface/http/controller/customerController.go:54.78,58.61 3 0
github.com/ln0rd/tech_challenge_12soat/internal/interface/http/controller/customerController.go:58.61,62.3 3 0
github.com/ln0rd/tech_challenge_12soat/internal/interface/http/controller/customerController.go:64.2,69.39 2 0
github.com/ln0rd/tech_challenge_12soat/internal/interface/http/controller/customerController.go:69.39,73.3 3 0
github.com/ln0rd/tech_challenge_12soat/internal/interface/http/controller/customerController.go:75.2,89.16 6 0
github.com/ln0rd/tech_challenge_12soat/internal/interface/http/controller/customerController.go:89.16,93.3 3 0
github.com/ln0rd/tech_challenge_12soat/internal/interface/http/controller/customerController.go:95.2,98.90 3 0
github.com/ln0rd/tech_challenge_12soat/internal/interface/http/controller/customerController.go:101.79,106.16 4 0
github.com/ln0rd/tech_challenge_12soat/internal/interface/http/controller/customerController.go:106.16,110.3 3 0
github.com/ln0rd/tech_challenge_12soat/internal/interface/http/controller/customerController.go:112.2,116.38 4 0
github.com/ln0rd/tech_challenge_12soat/internal/interface/http/controller/customerController.go:119.80,124.16 4 0
github.com/ln0rd/tech_challenge_12soat/internal/interface/http/controller/customerController.go:124.16,128.3 3 0
github.com/ln0rd/tech_challenge_12soat/internal/interface/http/controller/customerController.go:130.2,134.16 4 0
github.com/ln0rd/tech_challenge_12soat/internal/interface/http/controller/customerController.go:134.16,138.3 3 0
github.com/ln0rd/tech_challenge_12soat/internal/interface/http/controller/customerController.go:140.2,144.37 4 0
github.com/ln0rd/tech_challenge_12soat/internal/interface/http/controller/customerController.go:147.82,152.16 4 0
github.com/ln0rd/tech_challenge_12soat/internal/interface/http/controller/customerController.go:152.16,156.3 3 0
github.com/ln0rd/tech_challenge_12soat/internal/interface/http/controller/customerController.go:158.2,161.61 3 0
github.com/ln0rd/tech_challenge_12soat/internal/interface/http/controller/customerController.go:161.61,165.3 3 0
github.com/ln0rd/tech_challenge_12soat/internal/interface/http/controller/customerController.go:167.2,172.39 2 0
github.com/ln0rd/tech_challenge_12soat/internal/interface/http/controller/customerController.go:172.39,176.3 3 0
github.com/ln0rd/tech_challenge_12soat/internal/interface/http/controller/customerController.go:178.2,192.16 6 0
github.com/ln0rd/tech_challenge_12soat/internal/interface/http/controller/customerController.go:192.16,196.3 3 0
github.com/ln0rd/tech_challenge_12soat/internal/interface/http/controller/customerController.go:198.2,201.90 3 0
github.com/ln0rd/tech_challenge_12soat/internal/interface/http/controller/customerController.go:204.82,209.16 4 0
github.com/ln0rd/tech_challenge_12soat/internal/interface/http/controller/customerController.go:209.16,213.3 3 0
github.com/ln0rd/tech_challenge_12soat/internal/interface/http/controller/customerController.go:215.2,219.16 4 0
github.com/ln0rd/tech_challenge_12soat/internal/interface/http/controller/customerController.go:219.16,223.3 3 0
github.com/ln0rd/tech_challenge_12soat/internal/interface/http/controller/customerController.go:225.2,227.37 2 0
github.com/ln0rd/tech_challenge_12soat/internal/interface/http/controller/healthController.go:10.77,13.2 2 0
github.com/ln0rd/tech_challenge_12soat/internal/interface/http/controller/inputController.go:44.39,45.43 1 0
github.com/ln0rd/tech_challenge_12soat/internal/interface/http/controller/inputController.go:45.43,47.3 1 0
github.com/ln0rd/tech_challenge_12soat/internal/interface/http/controller/inputController.go:48.2,48.20 1 0
github.com/ln0rd/tech_challenge_12soat/internal/interface/http/controller/inputController.go:48.20,50.3 1 0
github.com/ln0rd/tech_challenge_12soat/internal/interface/http/controller/inputController.go:51.2,51.48 1 0
github.com/ln0rd/tech_challenge_12soat/internal/interface/http/controller/inputController.go:51.48,53.3 1 0
github.com/ln0rd/tech_challenge_12soat/internal/interface/http/controller/inputController.go:56.2,56.39 1 0
github.com/ln0rd/tech_challenge_12soat/internal/interface/http/controller/inputController.go:56.39,57.24 1 0
github.com/ln0rd/tech_challenge_12soat/internal/interface/http/controller/inputController.go:57.24,59.4 1 0
github.com/ln0rd/tech_challenge_12soat/internal/interface/http/controller/inputController.go:60.8,60.46 1 0
github.com/ln0rd/tech_challenge_12soat/internal/interface/http/controller/inputController.go:60.46,62.24 1 0
github.com/ln0rd/tech_challenge_12soat/internal/interface/http/controller/inputController.go:62.24,64.4 1 0
github.com/ln0rd/tech_challenge_12soat/internal/interface/http/controller/inputController.go:67.2,67.32 1 0
github.com/ln0rd/tech_challenge_12soat/internal/interface/http/controller/inputController.go:67.32,69.3 1 0
github.com/ln0rd/tech_challenge_12soat/internal/interface/http/controller/inputController.go:70.2,70.12 1 0
github.com/ln0rd/tech_challenge_12soat/internal/interface/http/controller/inputController.go:73.75,77.61 3 0
github.com/ln0rd/tech_challenge_12soat/internal/interface/http/controller/inputController.go:77.61,81.3 3 0
github.com/ln0rd/tech_challenge_12soat/internal/interface/http/controller/inputController.go:83.2,90.39 2 0
github.com/ln0rd/tech_challenge_12soat/internal/interface/http/controller/inputController.go:90.39,94.3 3 0
github.com/ln0rd/tech_challenge_12soat/internal/interface/http/controller/inputController.go:96.2,100.39 3 0
github.com/ln0rd/tech_challenge_12soat/internal/interface/http/controller/inputController.go:100.39,106.3 2 0
github.com/ln0rd/tech_challenge_12soat/internal/interface/http/controller/inputController.go:108.2,126.16 5 0
github.com/ln0rd/tech_challenge_12soat/internal/interface/http/controller/inputController.go:126.16,130.49 2 0
github.com/ln0rd/tech_challenge_12soat/internal/interface/http/controller/inputController.go:130.49,133.4 2 0
github.com/ln0rd/tech_challenge_12soat/internal/interface/http/controller/inputController.go:135.3,136.9 2 0
github.com/ln0rd/tech_challenge_12soat/internal/interface/http/controller/inputController.go:139.2,147.4 3 0
github.com/ln0rd/tech_challenge_12soat/internal/interface/http/controller/inputController.go:150.77,155.16 4 0
github.com/ln0rd/tech_challenge_12soat/internal/interface/http/controller/inputController.go:155.16,159.3 3 0
github.com/ln0rd/tech_challenge_12soat/internal/interface/http/controller/inputController.go:161.2,165.16 4 0
github.com/ln0rd/tech_challenge_12soat/internal/interface/http/controller/inputController.go:165.16,169.3 3 0
github.com/ln0rd/tech_challenge_12soat/internal/interface/http/controller/inputController.go:171.2,180.34 4 0
github.com/ln0rd/tech_challenge_12soat/internal/interface/http/controller/inputController.go:183.76,188.16 4 0
github.com/ln0rd/tech_challenge_12soat/internal/interface/http/controller/inputController.go:188.16,192.3 3 0
github.com/ln0rd/tech_challenge_12soat/internal/interface/http/controller/inputController.go:194.2,198.35 4 0
github.com/ln0rd/tech_challenge_12soat/internal/interface/http/controller/inputController.go:201.79,206.16 4 0
github.com/ln0rd/tech_challenge_12soat/internal/interface/http/controller/inputController.go:206.16,210.3 3 0
github.com/ln0rd/tech_challenge_12soat/internal/interface/http/controller/inputController.go:212.2,215.61 3 0
github.com/ln0rd/tech_challenge_12soat/internal/interface/http/controller/inputController.go:215.61,219.3 3 0
github.com/ln0rd/tech_challenge_12soat/internal/interface/http/controller/inputController.go:221.2,229.39 2 0
github.com/ln0rd/tech_challenge_12soat/internal/interface/http/controller/inputController.go:229.39,233.3 3 0
github.com/ln0rd/tech_challenge_12soat/internal/interface/http/controller/inputController.go:235.2,239.39 3 0
github.com/ln0rd/tech_challenge_12soat/internal/interface/http/controller/inputController.go:239.39,245.3 2 0
github.com/ln0rd/tech_challenge_12soat/internal/interface/http/controller/inputController.go:247.2,265.16 5 0
github.com/ln0rd/tech_challenge_12soat/internal/interface/http/controller/inputController.go:265.16,269.49 2 0
github.com/ln0rd/tech_challenge_12soat/internal/interface/http/controller/inputController.go:269.49,272.4 2 0
github.com/ln0rd/tech_challenge_12soat/internal/interface/http/controller/inputController.go:275.3,275.40 1 0
github.com/ln0rd/tech_challenge_12soat/internal/interface/http/controller/inputController.go:275.40,278.4 2 0
github.com/ln0rd/tech_challenge_12soat/internal/interface/http/controller/inputController.go:280.3,281.9 2 0
github.com/ln0rd/tech_challenge_12soat/internal/interface/http/controller/inputController.go:284.2,292.4 3 0
github.com/ln0rd/tech_challenge_12soat/internal/interface/http/controller/inputController.go:295.79,300.16 4 0
github.com/ln0rd/tech_challenge_12soat/internal/interface/http/controller/inputController.go:300.16,304.3 3 0
github.com/ln0rd/tech_challenge_12soat/internal/interface/http/controller/inputController.go:306.2,310.16 4 0
github.com/ln0rd/tech_challenge_12soat/internal/interface/http/controller/inputController.go:310.16,314.36 2 0
github.com/ln0rd/tech_challenge_12soat/internal/interface/http/controller/inputController.go:314.36,317.4 2 0
github.com/ln0rd/tech_challenge_12soat/internal/interface/http/controller/inputController.go:319.3,320.9 2 0
github.com/ln0rd/tech_challenge_12soat/internal/interface/http/controller/inputController.go:323.2,329.4 3 0
github.com/ln0rd/tech_challenge_12soat/internal/interface/http/controller/orderController.go:45.39,46.26 1 0
github.com/ln0rd/tech_challenge_12soat/internal/interface/http/controller/orderController.go:46.26,48.3 1 0
github.com/ln0rd/tech_challenge_12soat/internal/interface/http/controller/orderController.go:49.2,49.25 1 0
github.com/ln0rd/tech_challenge_12soat/internal/interface/http/controller/orderController.go:49.25,51.3 1 0
github.com/ln0rd/tech_challenge_12soat/internal/interface/http/controller/orderController.go:52.2,52.12 1 0
github.com/ln0rd/tech_challenge_12soat/internal/interface/http/controller/orderController.go:60.49,61.23 1 0
github.com/ln0rd/tech_challenge_12soat/internal/interface/http/controller/orderController.go:61.23,63.3 1 0
github.com/ln0rd/tech_challenge_12soat/internal/interface/http/controller/orderController.go:64.2,64.23 1 0
github.com/ln0rd/tech_challenge_12soat/internal/interface/http/controller/orderController.go:64.23,66.3 1 0
github.com/ln0rd/tech_challenge_12soat/internal/interface/http/controller/orderController.go:67.2,67.12 1 0
github.com/ln0rd/tech_challenge_12soat/internal/interface/http/controller/orderController.go:75.54,76.23 1 0
github.com/ln0rd/tech_challenge_12soat/internal/interface/http/controller/orderController.go:76.23,78.3 1 0
github.com/ln0rd/tech_challenge_12soat/internal/interface/http/controller/orderController.go:79.2,79.23 1 0
github.com/ln0rd/tech_challenge_12soat/internal/interface/http/controller/orderController.go:79.23,81.3 1 0
github.com/ln0rd/tech_challenge_12soat/internal/interface/http/controller/orderController.go:82.2,82.12 1 0
github.com/ln0rd/tech_challenge_12soat/internal/interface/http/controller/orderController.go:89.51,90.22 1 0
github.com/ln0rd/tech_challenge_12soat/internal/interface/http/controller/orderController.go:90.22,92.3 1 0
github.com/ln0rd/tech_challenge_12soat/internal/interface/http/controller/orderController.go:93.2,93.12 1 0
github.com/ln0rd/tech_challenge_12soat/internal/interface/http/controller/orderController.go:96.75,100.61 3 0
github.com/ln0rd/tech_challenge_12soat/internal/interface/http/controller/orderController.go:100.61,104.3 3 0
github.com/ln0rd/tech_challenge_12soat/internal/interface/http/controller/orderController.go:106.2,110.39 2 0
github.com/ln0rd/tech_challenge_12soat/internal/interface/http/controller/orderController.go:110.39,114.3 3 0
github.com/ln0rd/tech_challenge_12soat/internal/interface/http/controller/orderController.go:116.2,120.16 3 0
github.com/ln0rd/tech_challenge_12soat/internal/interface/http/controller/orderController.go:120.16,124.3 3 0
github.com/ln0rd/tech_challenge_12soat/internal/interface/http/controller/orderController.go:125.2,129.16 3 0
github.com/ln0rd/tech_challenge_12soat/internal/interface/http/controller/orderController.go:129.16,133.3 3 0
github.com/ln0rd/tech_challenge_12soat/internal/interface/http/controller/orderController.go:134.2,151.16 6 0
github.com/ln0rd/tech_challenge_12soat/internal/interface/http/controller/orderController.go:151.16,155.42 2 0
github.com/ln0rd/tech_challenge_12soat/internal/interface/http/controller/orderController.go:155.42,158.4 2 0
github.com/ln0rd/tech_challenge_12soat/internal/interface/http/controller/orderController.go:161.3,161.41 1 0
github.com/ln0rd/tech_challenge_12soat/internal/interface/http/controller/orderController.go:161.41,164.4 2 0
github.com/ln0rd/tech_challenge_12soat/internal/interface/http/controller/orderController.go:167.3,167.59 1 0
github.com/ln0rd/tech_challenge_12soat/internal/interface/http/controller/orderController.go:167.59,170.4 2 0
github.com/ln0rd/tech_challenge_12soat/internal/interface/http/controller/orderController.go:172.3,173.9 2 0
github.com/ln0rd/tech_challenge_12soat/internal/interface/http/controller/orderController.go:176.2,185.4 3 0
github.com/ln0rd/tech_challenge_12soat/internal/interface/http/controller/orderController.go:188.84,197.16 5 0
github.com/ln0rd/tech_challenge_12soat/internal/interface/http/controller/orderController.go:197.16,201.3 3 0
github.com/ln0rd/tech_challenge_12soat/internal/interface/http/controller/orderController.go:202.2,205.61 3 0
github.com/ln0rd/tech_challenge_12soat/internal/interface/http/controller/orderController.go:205.61,209.3 3 0
github.com/ln0rd/tech_challenge_12soat/internal/interface/http/controller/orderController.go:211.2,215.39 2 0
github.com/ln0rd/tech_challenge_12soat/internal/interface/http/controller/orderController.go:215.39,219.3 3 0
github.com/ln0rd/tech_challenge_12soat/internal/interface/http/controller/orderController.go:221.2,225.16 3 0
github.com/ln0rd/tech_challenge_12soat/internal/interface/http/controller/orderController.go:225.16,229.3 3 0
github.com/ln0rd/tech_challenge_12soat/internal/interface/http/controller/orderController.go:230.2,234.16 4 0
github.com/ln0rd/tech_challenge_12soat/internal/interface/http/controller/orderController.go:234.16,238.39 2 0
github.com/ln0rd/tech_challenge_12soat/internal/interface/http/controller/orderController.go:238.39,241.4 2 0
github.com/ln0rd/tech_challenge_12soat/internal/interface/http/controller/orderController.go:244.3,244.39 1 0
github.com/ln0rd/tech_challenge_12soat/internal/interface/http/controller/orderController.go:244.39,247.4 2 0
github.com/ln0rd/tech_challenge_12soat/internal/interface/http/controller/orderController.go:250.3,250.51 1 0
github.com/ln0rd/tech_challenge_12soat/internal/interface/http/controller/orderController.go:250.51,253.4 2 0
github.com/ln0rd/tech_challenge_12soat/internal/interface/http/controller/orderController.go:256.3,256.58 1 0
github.com/ln0rd/tech_challenge_12soat/internal/interface/http/controller/orderController.go:256.58,259.4 2 0
github.com/ln0rd/tech_challenge_12soat/internal/interface/http/controller/orderController.go:261.3,262.9 2 0
github.com/ln0rd/tech_challenge_12soat/internal/interface/http/controller/orderController.go:265.2,275.4 3 0
github.com/ln0rd/tech_challenge_12soat/internal/interface/http/controller/orderController.go:278.89,290.16 6 0
github.com/ln0rd/tech_challenge_12soat/internal/interface/http/controller/orderController.go:290.16,294.3 3 0
github.com/ln0rd/tech_challenge_12soat/internal/interface/http/controller/orderController.go:295.2,299.61 3 0
github.com/ln0rd/tech_challenge_12soat/internal/interface/http/controller/orderController.go:299.61,303.3 3 0
github.com/ln0rd/tech_challenge_12soat/internal/interface/http/controller/orderController.go:305.2,309.39 2 0
github.com/ln0rd/tech_challenge_12soat/internal/interface/http/controller/orderController.go:309.39,313.3 3 0
github.com/ln0rd/tech_challenge_12soat/internal/interface/http/controller/orderController.go:315.2,319.16 3 0
github.com/ln0rd/tech_challenge_12soat/internal/interface/http/controller/orderController.go:319.16,323.3 3 0
github.com/ln0rd/tech_challenge_12soat/internal/interface/http/controller/orderController.go:324.2,328.16 4 0
github.com/ln0rd/tech_challenge_12soat/internal/interface/http/controller/orderController.go:328.16,332.39 2 0
github.com/ln0rd/tech_challenge_12soat/internal/interface/http/controller/orderController.go:332.39,335.4 2 0
github.com/ln0rd/tech_challenge_12soat/internal/interface/http/controller/orderController.go:338.3,338.39 1 0
github.com/ln0rd/tech_challenge_12soat/internal/interface/http/controller/orderController.go:338.39,341.4 2 0
github.com/ln0rd/tech_challenge_12soat/internal/interface/http/controller/orderController.go:344.3,344.45 1 0
github.com/ln0rd/tech_challenge_12soat/internal/interface/http/controller/orderController.go:344.45,347.4 2 0
github.com/ln0rd/tech_challenge_12soat/internal/interface/http/controller/orderController.go:350.3,350.55 1 0
github.com/ln0rd/tech_challenge_12soat/internal/interface/http/controller/orderController.go:350.55,353.4 2 0
github.com/ln0rd/tech_challenge_12soat/internal/interface/http/controller/orderController.go:356.3,356.60 1 0
github.com/ln0rd/tech_challenge_12soat/internal/interface/http/controller/orderController.go:356.60,359.4 2 0
github.com/ln0rd/tech_challenge_12soat/internal/interface/http/controller/orderController.go:362.3,362.68 1 0
github.com/ln0rd/tech_challenge_12soat/internal/interface/http/controller/orderController.go:362.68,365.4 2 0
github.com/ln0rd/tech_challenge_12soat/internal/interface/http/controller/orderController.go:367.3,368.9 2 0
github.com/ln0rd/tech_challenge_12soat/internal/interface/http/controller/orderController.go:371.2,380.4 3 0
github.com/ln0rd/tech_challenge_12soat/internal/interface/http/controller/orderController.go:383.90,392.16 5 0
github.com/ln0rd/tech_challenge_12soat/internal/interface/http/controller/orderController.go:392.16,396.3 3 0
github.com/ln0rd/tech_challenge_12soat/internal/interface/http/controller/orderController.go:397.2,401.16 4 0
github.com/ln0rd/tech_challenge_12soat/internal/interface/http/controller/orderController.go:401.16,405.39 2 0
github.com/ln0rd/tech_challenge_12soat/internal/interface/http/controller/orderController.go:405.39,408.4 2 0
github.com/ln0rd/tech_challenge_12soat/internal/interface/http/controller/orderController.go:411.3,411.41 1 0
github.com/ln0rd/tech_challenge_12soat/internal/interface/http/controller/orderController.go:411.41,414.4 2 0
github.com/ln0rd/tech_challenge_12soat/internal/interface/http/controller/orderController.go:416.3,417.9 2 0
github.com/ln0rd/tech_challenge_12soat/internal/interface/http/controller/orderController.go:420.2,425.35 3 0
github.com/ln0rd/tech_challenge_12soat/internal/interface/http/controller/orderController.go:428.86,439.16 6 0
github.com/ln0rd/tech_challenge_12soat/internal/interface/http/controller/orderController.go:439.16,443.3 3 0
github.com/ln0rd/tech_challenge_12soat/internal/interface/http/controller/orderController.go:444.2,448.61 3 0
github.com/ln0rd/tech_challenge_12soat/internal/interface/http/controller/orderController.go:448.61,452.3 3 0
github.com/ln0rd/tech_challenge_12soat/internal/interface/http/controller/orderController.go:454.2,456.39 2 0
github.com/ln0rd/tech_challenge_12soat/internal/interface/http/controller/orderController.go:456.39,460.3 3 0
github.com/ln0rd/tech_challenge_12soat/internal/interface/http/controller/orderController.go:462.2,466.16 4 0
github.com/ln0rd/tech_challenge_12soat/internal/interface/http/controller/orderController.go:466.16,470.39 2 0
github.com/ln0rd/tech_challenge_12soat/internal/interface/http/controller/orderController.go:470.39,473.4 2 0
github.com/ln0rd/tech_challenge_12soat/internal/interface/http/controller/orderController.go:476.3,476.44 1 0
github.com/ln0rd/tech_challenge_12soat/internal/interface/http/controller/orderController.go:476.44,479.4 2 0
github.com/ln0rd/tech_challenge_12soat/internal/interface/http/controller/orderController.go:481.3,482.9 2 0
github.com/ln0rd/tech_challenge_12soat/internal/interface/http/controller/orderController.go:485.2,494.4 3 0
github.com/ln0rd/tech_challenge_12soat/internal/interface/http/controller/userController.go:40.38,41.40 1 0
github.com/ln0rd/tech_challenge_12soat/internal/interface/http/controller/userController.go:41.40,43.3 1 0
github.com/ln0rd/tech_challenge_12soat/internal/interface/http/controller/userController.go:44.2,44.46 1 0
github.com/ln0rd/tech_challenge_12soat/internal/interface/http/controller/userController.go:44.46,46.3 1 0
github.com/ln0rd/tech_challenge_12soat/internal/interface/http/controller/userController.go:47.2,47.46 1 0
github.com/ln0rd/tech_challenge_12soat/internal/interface/http/controller/userController.go:47.46,49.3 1 0
github.com/ln0rd/tech_challenge_12soat/internal/interface/http/controller/userController.go:50.2,50.46 1 0
github.com/ln0rd/tech_challenge_12soat/internal/interface/http/controller/userController.go:50.46,52.3 1 0
github.com/ln0rd/tech_challenge_12soat/internal/interface/http/controller/userController.go:53.2,53.12 1 0
github.com/ln0rd/tech_challenge_12soat/internal/interface/http/controller/userController.go:56.74,60.61 3 0
github.com/ln0rd/tech_challenge_12soat/internal/interface/http/controller/userController.go:60.61,64.3 3 0
github.com/ln0rd/tech_challenge_12soat/internal/interface/http/controller/userController.go:66.2,72.39 2 0
github.com/ln0rd/tech_challenge_12soat/internal/interface/http/controller/userController.go:72.39,75.3 2 0
github.com/ln0rd/tech_challenge_12soat/internal/interface/http/controller/userController.go:77.2,80.27 3 0
github.com/ln0rd/tech_challenge_12soat/internal/interface/http/controller/userController.go:80.27,82.17 2 0
github.com/ln0rd/tech_challenge_12soat/internal/interface/http/controller/userController.go:82.17,86.4 3 0
github.com/ln0rd/tech_challenge_12soat/internal/interface/http/controller/userController.go:87.3,88.99 2 0
github.com/ln0rd/tech_challenge_12soat/internal/interface/http/controller/userController.go:89.8,91.3 1 0
github.com/ln0rd/tech_challenge_12soat/internal/interface/http/controller/userController.go:93.2,108.16 5 0
github.com/ln0rd/tech_challenge_12soat/internal/interface/http/controller/userController.go:108.16,112.44 2 0
github.com/ln0rd/tech_challenge_12soat/internal/interface/http/controller/userController.go:112.44,115.4 2 0
github.com/ln0rd/tech_challenge_12soat/internal/interface/http/controller/userController.go:117.3,118.9 2 0
github.com/ln0rd/tech_challenge_12soat/internal/interface/http/controller/userController.go:121.2,124.86 3 0
github.com/ln0rd/tech_challenge_12soat/internal/interface/http/controller/vehicleController.go:44.41,45.40 1 0
github.com/ln0rd/tech_challenge_12soat/internal/interface/http/controller/vehicleController.go:45.40,47.3 1 0
github.com/ln0rd/tech_challenge_12soat/internal/interface/http/controller/vehicleController.go:48.2,48.40 1 0
github.com/ln0rd/tech_challenge_12soat/internal/interface/http/controller/vehicleController.go:48.40,50.3 1 0
github.com/ln0rd/tech_challenge_12soat/internal/interface/http/controller/vehicleController.go:51.2,51.60 1 0
github.com/ln0rd/tech_challenge_12soat/internal/interface/http/controller/vehicleController.go:51.60,53.3 1 0
github.com/ln0rd/tech_challenge_12soat/internal/interface/http/controller/vehicleController.go:54.2,54.46 1 0
github.com/ln0rd/tech_challenge_12soat/internal/interface/http/controller/vehicleController.go:54.46,56.3 1 0
github.com/ln0rd/tech_challenge_12soat/internal/interface/http/controller/vehicleController.go:57.2,57.40 1 0
github.com/ln0rd/tech_challenge_12soat/internal/interface/http/controller/vehicleController.go:57.40,59.3 1 0
github.com/ln0rd/tech_challenge_12soat/internal/interface/http/controller/vehicleController.go:60.2,60.54 1 0
github.com/ln0rd/tech_challenge_12soat/internal/interface/http/controller/vehicleController.go:60.54,62.3 1 0
github.com/ln0rd/tech_challenge_12soat/internal/interface/http/controller/vehicleController.go:63.2,63.26 1 0
github.com/ln0rd/tech_challenge_12soat/internal/interface/http/controller/vehicleController.go:63.26,65.3 1 0
github.com/ln0rd/tech_challenge_12soat/internal/interface/http/controller/vehicleController.go:66.2,66.12 1 0
github.com/ln0rd/tech_challenge_12soat/internal/interface/http/controller/vehicleController.go:69.77,73.61 3 0
github.com/ln0rd/tech_challenge_12soat/internal/interface/http/controller/vehicleController.go:73.61,77.3 3 0
github.com/ln0rd/tech_challenge_12soat/internal/interface/http/controller/vehicleController.go:79.2,86.39 2 0
github.com/ln0rd/tech_challenge_12soat/internal/interface/http/controller/vehicleController.go:86.39,90.3 3 0
github.com/ln0rd/tech_challenge_12soat/internal/interface/http/controller/vehicleController.go:92.2,95.16 3 0
github.com/ln0rd/tech_challenge_12soat/internal/interface/http/controller/vehicleController.go:95.16,99.3 3 0
github.com/ln0rd/tech_challenge_12soat/internal/interface/http/controller/vehicleController.go:100.2,122.16 7 0
github.com/ln0rd/tech_challenge_12soat/internal/interface/http/controller/vehicleController.go:122.16,126.51 2 0
github.com/ln0rd/tech_challenge_12soat/internal/interface/http/controller/vehicleController.go:126.51,129.4 2 0
github.com/ln0rd/tech_challenge_12soat/internal/interface/http/controller/vehicleController.go:132.3,132.42 1 0
github.com/ln0rd/tech_challenge_12soat/internal/interface/http/controller/vehicleController.go:132.42,135.4 2 0
github.com/ln0rd/tech_challenge_12soat/internal/interface/http/controller/vehicleController.go:137.3,138.9 2 0
github.com/ln0rd/tech_challenge_12soat/internal/interface/http/controller/vehicleController.go:141.2,149.4 3 0
github.com/ln0rd/tech_challenge_12soat/internal/interface/http/controller/vehicleController.go:152.79,157.16 4 0
github.com/ln0rd/tech_challenge_12soat/internal/interface/http/controller/vehicleController.go:157.16,161.3 3 0
github.com/ln0rd/tech_challenge_12soat/internal/interface/http/controller/vehicleController.go:163.2,167.16 4 0
github.com/ln0rd/tech_challenge_12soat/internal/interface/http/controller/vehicleController.go:167.16,171.3 3 0
github.com/ln0rd/tech_challenge_12soat/internal/interface/http/controller/vehicleController.go:173.2,181.36 4 0
github.com/ln0rd/tech_challenge_12soat/internal/interface/http/controller/vehicleController.go:184.87,189.16 4 0
github.com/ln0rd/tech_challenge_12soat/internal/interface/http/controller/vehicleController.go:189.16,193.3 3 0
github.com/ln0rd/tech_challenge_12soat/internal/interface/http/controller/vehicleController.go:195.2,199.16 4 0
github.com/ln0rd/tech_challenge_12soat/internal/interface/http/controller/vehicleController.go:199.16,203.3 3 0
github.com/ln0rd/tech_challenge_12soat/internal/interface/http/controller/vehicleController.go:205.2,211.37 4 0
github.com/ln0rd/tech_challenge_12soat/internal/interface/http/controller/vehicleController.go:214.81,219.16 4 0
github.com/ln0rd/tech_challenge_12soat/internal/interface/http/controller/vehicleController.go:219.16,223.3 3 0
github.com/ln0rd/tech_challenge_12soat/internal/interface/http/controller/vehicleController.go:225.2,228.61 3 0
github.com/ln0rd/tech_challenge_12soat/internal/interface/http/controller/vehicleController.go:228.61,232.3 3 0
github.com/ln0rd/tech_challenge_12soat/internal/interface/http/controller/vehicleController.go:234.2,242.39 2 0
github.com/ln0rd/tech_challenge_12soat/internal/interface/http/controller/vehicleController.go:242.39,246.3 3 0
github.com/ln0rd/tech_challenge_12soat/internal/interface/http/controller/vehicleController.go:248.2,251.16 3 0
github.com/ln0rd/tech_challenge_12soat/internal/interface/http/controller/vehicleController.go:251.16,255.3 3 0
github.com/ln0rd/tech_challenge_12soat/internal/interface/http/controller/vehicleController.go:256.2,278.16 7 0
github.com/ln0rd/tech_challenge_12soat/internal/interface/http/controller/vehicleController.go:278.16,282.51 2 0
github.com/ln0rd/tech_challenge_12soat/internal/interface/http/controller/vehicleController.go:282.51,285.4 2 0
github.com/ln0rd/tech_challenge_12soat/internal/interface/http/controller/vehicleController.go:288.3,288.42 1 0
github.com/ln0rd/tech_challenge_12soat/internal/interface/http/controller/vehicleController.go:288.42,291.4 2 0
github.com/ln0rd/tech_challenge_12soat/internal/interface/http/controller/vehicleController.go:294.3,294.40 1 0
github.com/ln0rd/tech_challenge_12soat/internal/interface/http/controller/vehicleController.go:294.40,297.4 2 0
github.com/ln0rd/tech_challenge_12soat/internal/interface/http/controller/vehicleController.go:299.3,300.9 2 0
github.com/ln0rd/tech_challenge_12soat/internal/interface/http/controller/vehicleController.go:303.2,311.4 3 0
github.com/ln0rd/tech_challenge_12soat/internal/interface/http/controller/vehicleController.go:314.81,319.16 4 0
github.com/ln0rd/tech_challenge_12soat/internal/interface/http/controller/vehicleController.go:319.16,323.3 3 0
github.com/ln0rd/tech_challenge_12soat/internal/interface/http/controller/vehicleController.go:325.2,329.16 4 0
github.com/ln0rd/tech_challenge_12soat/internal/interface/http/controller/vehicleController.go:329.16,333.36 2 0
github.com/ln0rd/tech_challenge_12soat/internal/interface/http/controller/vehicleController.go:333.36,336.4 2 0
github.com/ln0rd/tech_challenge_12soat/internal/interface/http/controller/vehicleController.go:338.3,339.9 2 0
github.com/ln0rd/tech_challenge_12soat/internal/interface/http/controller/vehicleController.go:342.2,348.4 3 0
github.com/ln0rd/tech_challenge_12soat/internal/infrastructure/repository/customerRepository.go:24.67,28.2 1 0
github.com/ln0rd/tech_challenge_12soat/internal/infrastructure/repository/customerRepository.go:31.77,34.2 2 0
github.com/ln0rd/tech_challenge_12soat/internal/infrastructure/repository/customerRepository.go:37.86,40.25 3 0
github.com/ln0rd/tech_challenge_12soat/internal/infrastructure/repository/customerRepository.go:40.25,42.3 1 0
github.com/ln0rd/tech_challenge_12soat/internal/infrastructure/repository/customerRepository.go:43.2,43.23 1 0
github.com/ln0rd/tech_challenge_12soat/internal/infrastructure/repository/customerRepository.go:47.74,50.25 3 0
github.com/ln0rd/tech_challenge_12soat/internal/infrastructure/repository/customerRepository.go:50.25,52.3 1 0
github.com/ln0rd/tech_challenge_12soat/internal/infrastructure/repository/customerRepository.go:53.2,53.23 1 0
github.com/ln0rd/tech_challenge_12soat/internal/infrastructure/repository/customerRepository.go:57.77,60.2 2 0
github.com/ln0rd/tech_challenge_12soat/internal/infrastructure/repository/customerRepository.go:63.64,66.2 2 0
github.com/ln0rd/tech_challenge_12soat/internal/infrastructure/repository/inputRepository.go:25.61,29.2 1 0
github.com/ln0rd/tech_challenge_12soat/internal/infrastructure/repository/inputRepository.go:32.68,35.2 2 0
github.com/ln0rd/tech_challenge_12soat/internal/infrastructure/repository/inputRepository.go:38.80,41.25 3 0
github.com/ln0rd/tech_challenge_12soat/internal/infrastructure/repository/inputRepository.go:41.25,43.3 1 0
github.com/ln0rd/tech_challenge_12soat/internal/infrastructure/repository/inputRepository.go:44.2,44.20 1 0
github.com/ln0rd/tech_challenge_12soat/internal/infrastructure/repository/inputRepository.go:48.68,51.25 3 0
github.com/ln0rd/tech_challenge_12soat/internal/infrastructure/repository/inputRepository.go:51.25,53.3 1 0
github.com/ln0rd/tech_challenge_12soat/internal/infrastructure/repository/inputRepository.go:54.2,54.20 1 0
github.com/ln0rd/tech_challenge_12soat/internal/infrastructure/repository/inputRepository.go:58.81,61.25 3 0
github.com/ln0rd/tech_challenge_12soat/internal/infrastructure/repository/inputRepository.go:61.25,63.3 1 0
github.com/ln0rd/tech_challenge_12soat/internal/infrastructure/repository/inputRepository.go:64.2,64.20 1 0
github.com/ln0rd/tech_challenge_12soat/internal/infrastructure/repository/inputRepository.go:68.68,71.2 2 0
github.com/ln0rd/tech_challenge_12soat/internal/infrastructure/repository/inputRepository.go:74.61,77.2 2 0
github.com/ln0rd/tech_challenge_12soat/internal/infrastructure/repository/orderInputRepository.go:26.71,30.2 1 0
github.com/ln0rd/tech_challenge_12soat/internal/infrastructure/repository/orderInputRepository.go:33.84,36.2 2 0
github.com/ln0rd/tech_challenge_12soat/internal/infrastructure/repository/orderInputRepository.go:39.91,42.25 3 0
github.com/ln0rd/tech_challenge_12soat/internal/infrastructure/repository/orderInputRepository.go:42.25,44.3 1 0
github.com/ln0rd/tech_challenge_12soat/internal/infrastructure/repository/orderInputRepository.go:45.2,45.25 1 0
github.com/ln0rd/tech_challenge_12soat/internal/infrastructure/repository/orderInputRepository.go:49.102,52.25 3 0
github.com/ln0rd/tech_challenge_12soat/internal/infrastructure/repository/orderInputRepository.go:52.25,54.3 1 0
github.com/ln0rd/tech_challenge_12soat/internal/infrastructure/repository/orderInputRepository.go:55.2,55.25 1 0
github.com/ln0rd/tech_challenge_12soat/internal/infrastructure/repository/orderInputRepository.go:59.130,62.25 3 0
github.com/ln0rd/tech_challenge_12soat/internal/infrastructure/repository/orderInputRepository.go:62.25,64.3 1 0
github.com/ln0rd/tech_challenge_12soat/internal/infrastructure/repository/orderInputRepository.go:65.2,65.25 1 0
github.com/ln0rd/tech_challenge_12soat/internal/infrastructure/repository/orderInputRepository.go:69.84,72.2 2 0
github.com/ln0rd/tech_challenge_12soat/internal/infrastructure/repository/orderInputRepository.go:75.67,78.2 2 0
github.com/ln0rd/tech_challenge_12soat/internal/infrastructure/repository/orderInputRepository.go:81.110,84.2 2 0
github.com/ln0rd/tech_challenge_12soat/internal/infrastructure/repository/orderRepository.go:24.61,28.2 1 0
github.com/ln0rd/tech_challenge_12soat/internal/infrastructure/repository/orderRepository.go:31.68,34.2 2 0
github.com/ln0rd/tech_challenge_12soat/internal/infrastructure/repository/orderRepository.go:37.80,40.25 3 0
github.com/ln0rd/tech_challenge_12soat/internal/infrastructure/repository/orderRepository.go:40.25,42.3 1 0
github.com/ln0rd/tech_challenge_12soat/internal/infrastructure/repository/orderRepository.go:43.2,43.20 1 0
github.com/ln0rd/tech_challenge_12soat/internal/infrastructure/repository/orderRepository.go:47.68,50.25 3 0
github.com/ln0rd/tech_challenge_12soat/internal/infrastructure/repository/orderRepository.go:50.25,52.3 1 0
github.com/ln0rd/tech_challenge_12soat/internal/infrastructure/repository/orderRepository.go:53.2,53.20 1 0
github.com/ln0rd/tech_challenge_12soat/internal/infrastructure/repository/orderRepository.go:57.68,60.2 2 0
github.com/ln0rd/tech_challenge_12soat/internal/infrastructure/repository/orderRepository.go:63.61,66.2 2 0
github.com/ln0rd/tech_challenge_12soat/internal/infrastructure/repository/orderStatusHistoryRepository.go:25.87,29.2 1 0
github.com/ln0rd/tech_challenge_12soat/internal/infrastructure/repository/orderStatusHistoryRepository.go:32.109,35.2 2 0
github.com/ln0rd/tech_challenge_12soat/internal/infrastructure/repository/orderStatusHistoryRepository.go:38.108,41.25 3 0
github.com/ln0rd/tech_challenge_12soat/internal/infrastructure/repository/orderStatusHistoryRepository.go:41.25,43.3 1 0
github.com/ln0rd/tech_challenge_12soat/internal/infrastructure/repository/orderStatusHistoryRepository.go:44.2,44.33 1 0
github.com/ln0rd/tech_challenge_12soat/internal/infrastructure/repository/orderStatusHistoryRepository.go:48.119,51.25 3 0
github.com/ln0rd/tech_challenge_12soat/internal/infrastructure/repository/orderStatusHistoryRepository.go:51.25,53.3 1 0
github.com/ln0rd/tech_challenge_12soat/internal/infrastructure/repository/orderStatusHistoryRepository.go:54.2,54.34 1 0
github.com/ln0rd/tech_challenge_12soat/internal/infrastructure/repository/orderStatusHistoryRepository.go:58.125,61.25 3 0
github.com/ln0rd/tech_challenge_12soat/internal/infrastructure/repository/orderStatusHistoryRepository.go:61.25,63.3 1 0
github.com/ln0rd/tech_challenge_12soat/internal/infrastructure/repository/orderStatusHistoryRepository.go:64.2,64.33 1 0
github.com/ln0rd/tech_challenge_12soat/internal/infrastructure/repository/orderStatusHistoryRepository.go:68.109,71.2 2 0
github.com/ln0rd/tech_challenge_12soat/internal/infrastructure/repository/orderStatusHistoryRepository.go:74.76,77.2 2 0
github.com/ln0rd/tech_challenge_12soat/internal/infrastructure/repository/userRepository.go:24.59,28.2 1 0
github.com/ln0rd/tech_challenge_12soat/internal/infrastructure/repository/userRepository.go:31.65,34.2 2 0
github.com/ln0rd/tech_challenge_12soat/internal/infrastructure/repository/userRepository.go:37.78,40.25 3 0
github.com/ln0rd/tech_challenge_12soat/internal/infrastructure/repository/userRepository.go:40.25,42.3 1 0
github.com/ln0rd/tech_challenge_12soat/internal/infrastructure/repository/userRepository.go:43.2,43.19 1 0
github.com/ln0rd/tech_challenge_12soat/internal/infrastructure/repository/userRepository.go:47.81,50.25 3 0
github.com/ln0rd/tech_challenge_12soat/internal/infrastructure/repository/userRepository.go:50.25,52.3 1 0
github.com/ln0rd/tech_challenge_12soat/internal/infrastructure/repository/userRepository.go:53.2,53.19 1 0
github.com/ln0rd/tech_challenge_12soat/internal/infrastructure/repository/userRepository.go:57.65,60.2 2 0
github.com/ln0rd/tech_challenge_12soat/internal/infrastructure/repository/userRepository.go:63.60,66.2 2 0
github.com/ln0rd/tech_challenge_12soat/internal/infrastructure/repository/vehicleRepository.go:25.65,29.2 1 0
github.com/ln0rd/tech_challenge_12soat/internal/infrastructure/repository/vehicleRepository.go:32.74,35.2 2 0
github.com/ln0rd/tech_challenge_12soat/internal/infrastructure/repository/vehicleRepository.go:38.84,41.25 3 0
github.com/ln0rd/tech_challenge_12soat/internal/infrastructure/repository/vehicleRepository.go:41.25,43.3 1 0
github.com/ln0rd/tech_challenge_12soat/internal/infrastructure/repository/vehicleRepository.go:44.2,44.22 1 0
github.com/ln0rd/tech_challenge_12soat/internal/infrastructure/repository/vehicleRepository.go:48.101,51.25 3 0
github.com/ln0rd/tech_challenge_12soat/internal/infrastructure/repository/vehicleRepository.go:51.25,53.3 1 0
github.com/ln0rd/tech_challenge_12soat/internal/infrastructure/repository/vehicleRepository.go:54.2,54.22 1 0
github.com/ln0rd/tech_challenge_12soat/internal/infrastructure/repository/vehicleRepository.go:58.99,61.25 3 0
github.com/ln0rd/tech_challenge_12soat/internal/infrastructure/repository/vehicleRepository.go:61.25,63.3 1 0
github.com/ln0rd/tech_challenge_12soat/internal/infrastructure/repository/vehicleRepository.go:64.2,64.22 1 0
github.com/ln0rd/tech_challenge_12soat/internal/infrastructure/repository/vehicleRepository.go:68.74,71.2 2 0
github.com/ln0rd/tech_challenge_12soat/internal/infrastructure/repository/vehicleRepository.go:74.63,77.2 2 0
github.com/ln0rd/tech_challenge_12soat/internal/test/mocks/auth_repository_mock.go:14.86,15.34 1 0
github.com/ln0rd/tech_challenge_12soat/internal/test/mocks/auth_repository_mock.go:15.34,17.3 1 0
github.com/ln0rd/tech_challenge_12soat/internal/test/mocks/auth_repository_mock.go:18.2,18.17 1 0
github.com/ln0rd/tech_challenge_12soat/internal/test/mocks/auth_repository_mock.go:22.77,23.35 1 0
github.com/ln0rd/tech_challenge_12soat/internal/test/mocks/auth_repository_mock.go:23.35,25.3 1 0
github.com/ln0rd/tech_challenge_12soat/internal/test/mocks/auth_repository_mock.go:26.2,26.12 1 0
github.com/ln0rd/tech_challenge_12soat/internal/test/mocks/customer_repository_mock.go:18.74,19.25 1 0
github.com/ln0rd/tech_challenge_12soat/internal/test/mocks/customer_repository_mock.go:19.25,21.3 1 0
github.com/ln0rd/tech_challenge_12soat/internal/test/mocks/customer_repository_mock.go:22.2,22.12 1 0
github.com/ln0rd/tech_challenge_12soat/internal/test/mocks/customer_repository_mock.go:26.83,27.27 1 0
github.com/ln0rd/tech_challenge_12soat/internal/test/mocks/customer_repository_mock.go:27.27,29.3 1 0
github.com/ln0rd/tech_challenge_12soat/internal/test/mocks/customer_repository_mock.go:30.2,30.17 1 0
github.com/ln0rd/tech_challenge_12soat/internal/test/mocks/customer_repository_mock.go:34.71,35.26 1 0
github.com/ln0rd/tech_challenge_12soat/internal/test/mocks/customer_repository_mock.go:35.26,37.3 1 0
github.com/ln0rd/tech_challenge_12soat/internal/test/mocks/customer_repository_mock.go:38.2,38.17 1 0
github.com/ln0rd/tech_challenge_12soat/internal/test/mocks/customer_repository_mock.go:42.74,43.25 1 0
github.com/ln0rd/tech_challenge_12soat/internal/test/mocks/customer_repository_mock.go:43.25,45.3 1 0
github.com/ln0rd/tech_challenge_12soat/internal/test/mocks/customer_repository_mock.go:46.2,46.12 1 0
github.com/ln0rd/tech_challenge_12soat/internal/test/mocks/customer_repository_mock.go:50.61,51.25 1 0
github.com/ln0rd/tech_challenge_12soat/internal/test/mocks/customer_repository_mock.go:51.25,53.3 1 0
github.com/ln0rd/tech_challenge_12soat/internal/test/mocks/customer_repository_mock.go:54.2,54.12 1 0
github.com/ln0rd/tech_challenge_12soat/internal/test/mocks/input_repository_mock.go:19.65,20.25 1 0
github.com/ln0rd/tech_challenge_12soat/internal/test/mocks/input_repository_mock.go:20.25,22.3 1 0
github.com/ln0rd/tech_challenge_12soat/internal/test/mocks/input_repository_mock.go:23.2,23.12 1 0
github.com/ln0rd/tech_challenge_12soat/internal/test/mocks/input_repository_mock.go:27.77,28.27 1 0
github.com/ln0rd/tech_challenge_12soat/internal/test/mocks/input_repository_mock.go:28.27,30.3 1 0
github.com/ln0rd/tech_challenge_12soat/internal/test/mocks/input_repository_mock.go:31.2,31.17 1 0
github.com/ln0rd/tech_challenge_12soat/internal/test/mocks/input_repository_mock.go:35.65,36.26 1 0
github.com/ln0rd/tech_challenge_12soat/internal/test/mocks/input_repository_mock.go:36.26,38.3 1 0
github.com/ln0rd/tech_challenge_12soat/internal/test/mocks/input_repository_mock.go:39.2,39.17 1 0
github.com/ln0rd/tech_challenge_12soat/internal/test/mocks/input_repository_mock.go:43.78,44.29 1 0
github.com/ln0rd/tech_challenge_12soat/internal/test/mocks/input_repository_mock.go:44.29,46.3 1 0
github.com/ln0rd/tech_challenge_12soat/internal/test/mocks/input_repository_mock.go:47.2,47.17 1 0
github.com/ln0rd/tech_challenge_12soat/internal/test/mocks/input_repository_mock.go:51.65,52.25 1 0
github.com/ln0rd/tech_challenge_12soat/internal/test/mocks/input_repository_mock.go:52.25,54.3 1 0
github.com/ln0rd/tech_challenge_12soat/internal/test/mocks/input_repository_mock.go:55.2,55.12 1 0
github.com/ln0rd/tech_challenge_12soat/internal/test/mocks/input_repository_mock.go:59.58,60.25 1 0
github.com/ln0rd/tech_challenge_12soat/internal/test/mocks/input_repository_mock.go:60.25,62.3 1 0
github.com/ln0rd/tech_challenge_12soat/internal/test/mocks/input_repository_mock.go:63.2,63.12 1 0
github.com/ln0rd/tech_challenge_12soat/internal/test/mocks/logger_mock.go:16.60,17.23 1 0
github.com/ln0rd/tech_challenge_12soat/internal/test/mocks/logger_mock.go:17.23,19.3 1 0
github.com/ln0rd/tech_challenge_12soat/internal/test/mocks/logger_mock.go:23.61,24.24 1 0
github.com/ln0rd/tech_challenge_12soat/internal/test/mocks/logger_mock.go:24.24,26.3 1 0
github.com/ln0rd/tech_challenge_12soat/internal/test/mocks/logger_mock.go:30.60,31.23 1 0
github.com/ln0rd/tech_challenge_12soat/internal/test/mocks/logger_mock.go:31.23,33.3 1 0
github.com/ln0rd/tech_challenge_12soat/internal/test/mocks/logger_mock.go:37.61,38.24 1 0
github.com/ln0rd/tech_challenge_12soat/internal/test/mocks/logger_mock.go:38.24,40.3 1 0
github.com/ln0rd/tech_challenge_12soat/internal/test/mocks/order_input_repository_mock.go:20.80,21.25 1 0
github.com/ln0rd/tech_challenge_12soat/internal/test/mocks/order_input_repository_mock.go:21.25,23.3 1 0
github.com/ln0rd/tech_challenge_12soat/internal/test/mocks/order_input_repository_mock.go:24.2,24.12 1 0
github.com/ln0rd/tech_challenge_12soat/internal/test/mocks/order_input_repository_mock.go:28.87,29.27 1 0
github.com/ln0rd/tech_challenge_12soat/internal/test/mocks/order_input_repository_mock.go:29.27,31.3 1 0
github.com/ln0rd/tech_challenge_12soat/internal/test/mocks/order_input_repository_mock.go:32.2,32.17 1 0
github.com/ln0rd/tech_challenge_12soat/internal/test/mocks/order_input_repository_mock.go:36.98,37.32 1 0
github.com/ln0rd/tech_challenge_12soat/internal/test/mocks/order_input_repository_mock.go:37.32,39.3 1 0
github.com/ln0rd/tech_challenge_12soat/internal/test/mocks/order_input_repository_mock.go:40.2,40.17 1 0
github.com/ln0rd/tech_challenge_12soat/internal/test/mocks/order_input_repository_mock.go:44.126,45.42 1 0
github.com/ln0rd/tech_challenge_12soat/internal/test/mocks/order_input_repository_mock.go:45.42,47.3 1 0
github.com/ln0rd/tech_challenge_12soat/internal/test/mocks/order_input_repository_mock.go:48.2,48.17 1 0
github.com/ln0rd/tech_challenge_12soat/internal/test/mocks/order_input_repository_mock.go:52.80,53.25 1 0
github.com/ln0rd/tech_challenge_12soat/internal/test/mocks/order_input_repository_mock.go:53.25,55.3 1 0
github.com/ln0rd/tech_challenge_12soat/internal/test/mocks/order_input_repository_mock.go:56.2,56.12 1 0
github.com/ln0rd/tech_challenge_12soat/internal/test/mocks/order_input_repository_mock.go:60.63,61.25 1 0
github.com/ln0rd/tech_challenge_12soat/internal/test/mocks/order_input_repository_mock.go:61.25,63.3 1 0
github.com/ln0rd/tech_challenge_12soat/internal/test/mocks/order_input_repository_mock.go:64.2,64.12 1 0
github.com/ln0rd/tech_challenge_12soat/internal/test/mocks/order_input_repository_mock.go:68.106,69.44 1 0
github.com/ln0rd/tech_challenge_12soat/internal/test/mocks/order_input_repository_mock.go:69.44,71.3 1 0
github.com/ln0rd/tech_challenge_12soat/internal/test/mocks/order_input_repository_mock.go:72.2,72.12 1 0
github.com/ln0rd/tech_challenge_12soat/internal/test/mocks/order_repository_mock.go:18.65,19.25 1 0
github.com/ln0rd/tech_challenge_12soat/internal/test/mocks/order_repository_mock.go:19.25,21.3 1 0
github.com/ln0rd/tech_challenge_12soat/internal/test/mocks/order_repository_mock.go:22.2,22.12 1 0
github.com/ln0rd/tech_challenge_12soat/internal/test/mocks/order_repository_mock.go:26.77,27.27 1 0
github.com/ln0rd/tech_challenge_12soat/internal/test/mocks/order_repository_mock.go:27.27,29.3 1 0
github.com/ln0rd/tech_challenge_12soat/internal/test/mocks/order_repository_mock.go:30.2,30.17 1 0
github.com/ln0rd/tech_challenge_12soat/internal/test/mocks/order_repository_mock.go:34.65,35.26 1 0
github.com/ln0rd/tech_challenge_12soat/internal/test/mocks/order_repository_mock.go:35.26,37.3 1 0
github.com/ln0rd/tech_challenge_12soat/internal/test/mocks/order_repository_mock.go:38.2,38.17 1 0
github.com/ln0rd/tech_challenge_12soat/internal/test/mocks/order_repository_mock.go:42.65,43.25 1 0
github.com/ln0rd/tech_challenge_12soat/internal/test/mocks/order_repository_mock.go:43.25,45.3 1 0
github.com/ln0rd/tech_challenge_12soat/internal/test/mocks/order_repository_mock.go:46.2,46.12 1 0
github.com/ln0rd/tech_challenge_12soat/internal/test/mocks/order_repository_mock.go:50.58,51.25 1 0
github.com/ln0rd/tech_challenge_12soat/internal/test/mocks/order_repository_mock.go:51.25,53.3 1 0
github.com/ln0rd/tech_challenge_12soat/internal/test/mocks/order_repository_mock.go:54.2,54.12 1 0
github.com/ln0rd/tech_challenge_12soat/internal/test/mocks/order_status_history_manager_mock.go:22.75,23.32 1 0
github.com/ln0rd/tech_challenge_12soat/internal/test/mocks/order_status_history_manager_mock.go:23.32,25.3 1 0
github.com/ln0rd/tech_challenge_12soat/internal/test/mocks/order_status_history_manager_mock.go:26.2,26.14 1 0
github.com/ln0rd/tech_challenge_12soat/internal/test/mocks/order_status_history_manager_mock.go:30.121,31.43 1 0
github.com/ln0rd/tech_challenge_12soat/internal/test/mocks/order_status_history_manager_mock.go:31.43,33.3 1 0
github.com/ln0rd/tech_challenge_12soat/internal/test/mocks/order_status_history_manager_mock.go:34.2,34.17 1 0
github.com/ln0rd/tech_challenge_12soat/internal/test/mocks/order_status_history_manager_mock.go:38.88,39.40 1 0
github.com/ln0rd/tech_challenge_12soat/internal/test/mocks/order_status_history_manager_mock.go:39.40,41.3 1 0
github.com/ln0rd/tech_challenge_12soat/internal/test/mocks/order_status_history_manager_mock.go:42.2,42.12 1 0
github.com/ln0rd/tech_challenge_12soat/internal/test/mocks/order_status_history_manager_mock.go:46.97,47.34 1 0
github.com/ln0rd/tech_challenge_12soat/internal/test/mocks/order_status_history_manager_mock.go:47.34,49.3 1 0
github.com/ln0rd/tech_challenge_12soat/internal/test/mocks/order_status_history_manager_mock.go:50.2,50.12 1 0
github.com/ln0rd/tech_challenge_12soat/internal/test/mocks/order_status_history_manager_mock.go:54.113,55.45 1 0
github.com/ln0rd/tech_challenge_12soat/internal/test/mocks/order_status_history_manager_mock.go:55.45,57.3 1 0
github.com/ln0rd/tech_challenge_12soat/internal/test/mocks/order_status_history_manager_mock.go:58.2,58.12 1 0
github.com/ln0rd/tech_challenge_12soat/internal/test/mocks/order_status_history_manager_mock.go:62.121,63.42 1 0
github.com/ln0rd/tech_challenge_12soat/internal/test/mocks/order_status_history_manager_mock.go:63.42,65.3 1 0
github.com/ln0rd/tech_challenge_12soat/internal/test/mocks/order_status_history_manager_mock.go:66.2,66.17 1 0
github.com/ln0rd/tech_challenge_12soat/internal/test/mocks/order_status_history_manager_mock.go:70.96,71.33 1 0
github.com/ln0rd/tech_challenge_12soat/internal/test/mocks/order_status_history_manager_mock.go:71.33,73.3 1 0
github.com/ln0rd/tech_challenge_12soat/internal/test/mocks/order_status_history_manager_mock.go:74.2,74.12 1 0
github.com/ln0rd/tech_challenge_12soat/internal/test/mocks/order_status_history_manager_mock.go:78.97,79.31 1 0
github.com/ln0rd/tech_challenge_12soat/internal/test/mocks/order_status_history_manager_mock.go:79.31,81.3 1 0
github.com/ln0rd/tech_challenge_12soat/internal/test/mocks/order_status_history_manager_mock.go:82.2,82.12 1 0
github.com/ln0rd/tech_challenge_12soat/internal/test/mocks/order_status_history_manager_mock.go:86.113,87.34 1 0
github.com/ln0rd/tech_challenge_12soat/internal/test/mocks/order_status_history_manager_mock.go:87.34,89.3 1 0
github.com/ln0rd/tech_challenge_12soat/internal/test/mocks/order_status_history_manager_mock.go:90.2,90.17 1 0
github.com/ln0rd/tech_challenge_12soat/internal/test/mocks/order_status_history_repository_mock.go:19.99,20.25 1 0
github.com/ln0rd/tech_challenge_12soat/internal/test/mocks/order_status_history_repository_mock.go:20.25,22.3 1 0
github.com/ln0rd/tech_challenge_12soat/internal/test/mocks/order_status_history_repository_mock.go:23.2,23.12 1 0
github.com/ln0rd/tech_challenge_12soat/internal/test/mocks/order_status_history_repository_mock.go:27.103,28.27 1 0
github.com/ln0rd/tech_challenge_12soat/internal/test/mocks/order_status_history_repository_mock.go:28.27,30.3 1 0
github.com/ln0rd/tech_challenge_12soat/internal/test/mocks/order_status_history_repository_mock.go:31.2,31.17 1 0
github.com/ln0rd/tech_challenge_12soat/internal/test/mocks/order_status_history_repository_mock.go:35.114,36.32 1 0
github.com/ln0rd/tech_challenge_12soat/internal/test/mocks/order_status_history_repository_mock.go:36.32,38.3 1 0
github.com/ln0rd/tech_challenge_12soat/internal/test/mocks/order_status_history_repository_mock.go:39.2,39.17 1 0
github.com/ln0rd/tech_challenge_12soat/internal/test/mocks/order_status_history_repository_mock.go:43.120,44.39 1 0
github.com/ln0rd/tech_challenge_12soat/internal/test/mocks/order_status_history_repository_mock.go:44.39,46.3 1 0
github.com/ln0rd/tech_challenge_12soat/internal/test/mocks/order_status_history_repository_mock.go:47.2,47.17 1 0
github.com/ln0rd/tech_challenge_12soat/internal/test/mocks/order_status_history_repository_mock.go:51.99,52.25 1 0
github.com/ln0rd/tech_challenge_12soat/internal/test/mocks/order_status_history_repository_mock.go:52.25,54.3 1 0
github.com/ln0rd/tech_challenge_12soat/internal/test/mocks/order_status_history_repository_mock.go:55.2,55.12 1 0
github.com/ln0rd/tech_challenge_12soat/internal/test/mocks/order_status_history_repository_mock.go:59.71,60.25 1 0
github.com/ln0rd/tech_challenge_12soat/internal/test/mocks/order_status_history_repository_mock.go:60.25,62.3 1 0
github.com/ln0rd/tech_challenge_12soat/internal/test/mocks/order_status_history_repository_mock.go:63.2,63.12 1 0
github.com/ln0rd/tech_challenge_12soat/internal/test/mocks/token_service_mock.go:17.84,18.32 1 0
github.com/ln0rd/tech_challenge_12soat/internal/test/mocks/token_service_mock.go:18.32,20.3 1 0
github.com/ln0rd/tech_challenge_12soat/internal/test/mocks/token_service_mock.go:21.2,21.16 1 0
github.com/ln0rd/tech_challenge_12soat/internal/test/mocks/token_service_mock.go:25.80,26.32 1 0
github.com/ln0rd/tech_challenge_12soat/internal/test/mocks/token_service_mock.go:26.32,28.3 1 0
github.com/ln0rd/tech_challenge_12soat/internal/test/mocks/token_service_mock.go:29.2,29.17 1 0
github.com/ln0rd/tech_challenge_12soat/internal/test/mocks/token_service_mock.go:33.83,34.39 1 0
github.com/ln0rd/tech_challenge_12soat/internal/test/mocks/token_service_mock.go:34.39,36.3 1 0
github.com/ln0rd/tech_challenge_12soat/internal/test/mocks/token_service_mock.go:37.2,37.16 1 0
github.com/ln0rd/tech_challenge_12soat/internal/test/mocks/token_service_mock.go:41.89,42.39 1 0
github.com/ln0rd/tech_challenge_12soat/internal/test/mocks/token_service_mock.go:42.39,44.3 1 0
github.com/ln0rd/tech_challenge_12soat/internal/test/mocks/token_service_mock.go:45.2,45.22 1 0
github.com/ln0rd/tech_challenge_12soat/internal/test/mocks/user_repository_mock.go:18.62,19.25 1 0
github.com/ln0rd/tech_challenge_12soat/internal/test/mocks/user_repository_mock.go:19.25,21.3 1 0
github.com/ln0rd/tech_challenge_12soat/internal/test/mocks/user_repository_mock.go:22.2,22.12 1 0
github.com/ln0rd/tech_challenge_12soat/internal/test/mocks/user_repository_mock.go:26.75,27.27 1 0
github.com/ln0rd/tech_challenge_12soat/internal/test/mocks/user_repository_mock.go:27.27,29.3 1 0
github.com/ln0rd/tech_challenge_12soat/internal/test/mocks/user_repository_mock.go:30.2,30.17 1 0
github.com/ln0rd/tech_challenge_12soat/internal/test/mocks/user_repository_mock.go:34.78,35.30 1 0
github.com/ln0rd/tech_challenge_12soat/internal/test/mocks/user_repository_mock.go:35.30,37.3 1 0
github.com/ln0rd/tech_challenge_12soat/internal/test/mocks/user_repository_mock.go:38.2,38.17 1 0
github.com/ln0rd/tech_challenge_12soat/internal/test/mocks/user_repository_mock.go:42.62,43.25 1 0
github.com/ln0rd/tech_challenge_12soat/internal/test/mocks/user_repository_mock.go:43.25,45.3 1 0
github.com/ln0rd/tech_challenge_12soat/internal/test/mocks/user_repository_mock.go:46.2,46.12 1 0
github.com/ln0rd/tech_challenge_12soat/internal/test/mocks/user_repository_mock.go:50.57,51.25 1 0
github.com/ln0rd/tech_challenge_12soat/internal/test/mocks/user_repository_mock.go:51.25,53.3 1 0
github.com/ln0rd/tech_challenge_12soat/internal/test/mocks/user_repository_mock.go:54.2,54.12 1 0
github.com/ln0rd/tech_challenge_12soat/internal/test/mocks/vehicle_repository_mock.go:19.71,20.25 1 0
github.com/ln0rd/tech_challenge_12soat/internal/test/mocks/vehicle_repository_mock.go:20.25,22.3 1 0
github.com/ln0rd/tech_challenge_12soat/internal/test/mocks/vehicle_repository_mock.go:23.2,23.12 1 0
github.com/ln0rd/tech_challenge_12soat/internal/test/mocks/vehicle_repository_mock.go:27.81,28.27 1 0
github.com/ln0rd/tech_challenge_12soat/internal/test/mocks/vehicle_repository_mock.go:28.27,30.3 1 0
github.com/ln0rd/tech_challenge_12soat/internal/test/mocks/vehicle_repository_mock.go:31.2,31.17 1 0
github.com/ln0rd/tech_challenge_12soat/internal/test/mocks/vehicle_repository_mock.go:35.98,36.35 1 0
github.com/ln0rd/tech_challenge_12soat/internal/test/mocks/vehicle_repository_mock.go:36.35,38.3 1 0
github.com/ln0rd/tech_challenge_12soat/internal/test/mocks/vehicle_repository_mock.go:39.2,39.17 1 0
github.com/ln0rd/tech_challenge_12soat/internal/test/mocks/vehicle_repository_mock.go:43.96,44.36 1 0
github.com/ln0rd/tech_challenge_12soat/internal/test/mocks/vehicle_repository_mock.go:44.36,46.3 1 0
github.com/ln0rd/tech_challenge_12soat/internal/test/mocks/vehicle_repository_mock.go:47.2,47.17 1 0
github.com/ln0rd/tech_challenge_12soat/internal/test/mocks/vehicle_repository_mock.go:51.71,52.25 1 0
github.com/ln0rd/tech_challenge_12soat/internal/test/mocks/vehicle_repository_mock.go:52.25,54.3 1 0
github.com/ln0rd/tech_challenge_12soat/internal/test/mocks/vehicle_repository_mock.go:55.2,55.12 1 0
github.com/ln0rd/tech_challenge_12soat/internal/test/mocks/vehicle_repository_mock.go:59.60,60.25 1 0
github.com/ln0rd/tech_challenge_12soat/internal/test/mocks/vehicle_repository_mock.go:60.25,62.3 1 0
github.com/ln0rd/tech_challenge_12soat/internal/test/mocks/vehicle_repository_mock.go:63.2,63.12 1 0
github.com/ln0rd/tech_challenge_12soat/internal/usecase/auth/login.go:18.130,24.2 1 0
github.com/ln0rd/tech_challenge_12soat/internal/usecase/auth/login.go:26.93,31.16 3 6
github.com/ln0rd/tech_challenge_12soat/internal/usecase/auth/login.go:31.16,34.3 2 1
github.com/ln0rd/tech_challenge_12soat/internal/usecase/auth/login.go:36.2,40.16 3 5
github.com/ln0rd/tech_challenge_12soat/internal/usecase/auth/login.go:40.16,43.3 2 1
github.com/ln0rd/tech_challenge_12soat/internal/usecase/auth/login.go:45.2,49.16 3 4
github.com/ln0rd/tech_challenge_12soat/internal/usecase/auth/login.go:49.16,52.3 2 1
github.com/ln0rd/tech_challenge_12soat/internal/usecase/auth/login.go:55.2,56.16 2 3
github.com/ln0rd/tech_challenge_12soat/internal/usecase/auth/login.go:56.16,59.3 2 1
github.com/ln0rd/tech_challenge_12soat/internal/usecase/auth/login.go:62.2,71.8 3 2
github.com/ln0rd/tech_challenge_12soat/internal/usecase/customer/createCustomer.go:18.74,20.16 2 4
github.com/ln0rd/tech_challenge_12soat/internal/usecase/customer/createCustomer.go:20.16,23.3 2 2
github.com/ln0rd/tech_challenge_12soat/internal/usecase/customer/createCustomer.go:25.2,26.12 2 2
github.com/ln0rd/tech_challenge_12soat/internal/usecase/customer/createCustomer.go:29.66,38.16 5 2
github.com/ln0rd/tech_challenge_12soat/internal/usecase/customer/createCustomer.go:38.16,40.3 1 1
github.com/ln0rd/tech_challenge_12soat/internal/usecase/customer/createCustomer.go:42.2,42.12 1 1
github.com/ln0rd/tech_challenge_12soat/internal/usecase/customer/deleteByIdCustomer.go:17.72,19.16 2 6
github.com/ln0rd/tech_challenge_12soat/internal/usecase/customer/deleteByIdCustomer.go:19.16,20.36 1 4
github.com/ln0rd/tech_challenge_12soat/internal/usecase/customer/deleteByIdCustomer.go:20.36,23.4 2 2
github.com/ln0rd/tech_challenge_12soat/internal/usecase/customer/deleteByIdCustomer.go:24.3,25.13 2 2
github.com/ln0rd/tech_challenge_12soat/internal/usecase/customer/deleteByIdCustomer.go:28.2,29.12 2 2
github.com/ln0rd/tech_challenge_12soat/internal/usecase/customer/deleteByIdCustomer.go:32.59,37.16 3 3
github.com/ln0rd/tech_challenge_12soat/internal/usecase/customer/deleteByIdCustomer.go:37.16,39.3 1 2
github.com/ln0rd/tech_challenge_12soat/internal/usecase/customer/deleteByIdCustomer.go:41.2,41.12 1 1
github.com/ln0rd/tech_challenge_12soat/internal/usecase/customer/findAllCustomer.go:18.78,20.16 2 5
github.com/ln0rd/tech_challenge_12soat/internal/usecase/customer/findAllCustomer.go:20.16,23.3 2 2
github.com/ln0rd/tech_challenge_12soat/internal/usecase/customer/findAllCustomer.go:25.2,26.23 2 3
github.com/ln0rd/tech_challenge_12soat/internal/usecase/customer/findAllCustomer.go:29.65,34.16 3 3
github.com/ln0rd/tech_challenge_12soat/internal/usecase/customer/findAllCustomer.go:34.16,36.3 1 1
github.com/ln0rd/tech_challenge_12soat/internal/usecase/customer/findAllCustomer.go:39.2,40.37 2 2
github.com/ln0rd/tech_challenge_12soat/internal/usecase/customer/findAllCustomer.go:40.37,43.3 2 2
github.com/ln0rd/tech_challenge_12soat/internal/usecase/customer/findAllCustomer.go:45.2,47.29 2 2
github.com/ln0rd/tech_challenge_12soat/internal/usecase/customer/findByIdCustomer.go:20.89,22.16 2 6
github.com/ln0rd/tech_challenge_12soat/internal/usecase/customer/findByIdCustomer.go:22.16,23.36 1 4
github.com/ln0rd/tech_challenge_12soat/internal/usecase/customer/findByIdCustomer.go:23.36,26.4 2 2
github.com/ln0rd/tech_challenge_12soat/internal/usecase/customer/findByIdCustomer.go:27.3,28.18 2 2
github.com/ln0rd/tech_challenge_12soat/internal/usecase/customer/findByIdCustomer.go:31.2,32.22 2 2
github.com/ln0rd/tech_challenge_12soat/internal/usecase/customer/findByIdCustomer.go:35.77,40.16 3 3
github.com/ln0rd/tech_challenge_12soat/internal/usecase/customer/findByIdCustomer.go:40.16,42.3 1 2
github.com/ln0rd/tech_challenge_12soat/internal/usecase/customer/findByIdCustomer.go:45.2,48.28 3 1
github.com/ln0rd/tech_challenge_12soat/internal/usecase/customer/updateByIdCustomer.go:19.91,21.16 2 5
github.com/ln0rd/tech_challenge_12soat/internal/usecase/customer/updateByIdCustomer.go:21.16,22.36 1 2
github.com/ln0rd/tech_challenge_12soat/internal/usecase/customer/updateByIdCustomer.go:22.36,25.4 2 1
github.com/ln0rd/tech_challenge_12soat/internal/usecase/customer/updateByIdCustomer.go:26.3,27.18 2 1
github.com/ln0rd/tech_challenge_12soat/internal/usecase/customer/updateByIdCustomer.go:30.2,31.22 2 3
github.com/ln0rd/tech_challenge_12soat/internal/usecase/customer/updateByIdCustomer.go:35.112,43.2 4 3
github.com/ln0rd/tech_challenge_12soat/internal/usecase/customer/updateByIdCustomer.go:46.81,48.16 2 4
github.com/ln0rd/tech_challenge_12soat/internal/usecase/customer/updateByIdCustomer.go:48.16,51.3 2 2
github.com/ln0rd/tech_challenge_12soat/internal/usecase/customer/updateByIdCustomer.go:53.2,54.12 2 2
github.com/ln0rd/tech_challenge_12soat/internal/usecase/customer/updateByIdCustomer.go:57.84,62.16 3 4
github.com/ln0rd/tech_challenge_12soat/internal/usecase/customer/updateByIdCustomer.go:62.16,64.3 1 2
github.com/ln0rd/tech_challenge_12soat/internal/usecase/customer/updateByIdCustomer.go:67.2,71.16 3 2
github.com/ln0rd/tech_challenge_12soat/internal/usecase/customer/updateByIdCustomer.go:71.16,73.3 1 1
github.com/ln0rd/tech_challenge_12soat/internal/usecase/customer/updateByIdCustomer.go:75.2,75.12 1 1
github.com/ln0rd/tech_challenge_12soat/internal/usecase/input/createInput.go:21.71,23.16 2 5
github.com/ln0rd/tech_challenge_12soat/internal/usecase/input/createInput.go:23.16,26.3 2 2
github.com/ln0rd/tech_challenge_12soat/internal/usecase/input/createInput.go:26.8,26.42 1 3
github.com/ln0rd/tech_challenge_12soat/internal/usecase/input/createInput.go:26.42,29.3 2 0
github.com/ln0rd/tech_challenge_12soat/internal/usecase/input/createInput.go:31.2,32.12 2 3
github.com/ln0rd/tech_challenge_12soat/internal/usecase/input/createInput.go:36.65,38.16 2 4
[...]
github.com/ln0rd/tech_challenge_12soat/internal/usecase/order_input/addInputToOrder.go:243.2,247.16 3 1
github.com/ln0rd/tech_challenge_12soat/internal/usecase/order_input/addInputToOrder.go:247.16,249.3 1 0
github.com/ln0rd/tech_challenge_12soat/internal/usecase/order_input/addInputToOrder.go:251.2,251.31 1 1
github.com/ln0rd/tech_challenge_12soat/internal/usecase/order_input/addInputToOrder.go:251.31,260.3 2 0
github.com/ln0rd/tech_challenge_12soat/internal/usecase/order_input/addInputToOrder.go:263.2,266.66 2 1
github.com/ln0rd/tech_challenge_12soat/internal/usecase/order_input/addInputToOrder.go:266.66,268.3 1 0
github.com/ln0rd/tech_challenge_12soat/internal/usecase/order_input/addInputToOrder.go:271.2,271.70 1 1
github.com/ln0rd/tech_challenge_12soat/internal/usecase/order_input/create_order_input.go:18.80,20.16 2 4
github.com/ln0rd/tech_challenge_12soat/internal/usecase/order_input/create_order_input.go:20.16,23.3 2 2
github.com/ln0rd/tech_challenge_12soat/internal/usecase/order_input/create_order_input.go:25.2,29.12 2 2
github.com/ln0rd/tech_challenge_12soat/internal/usecase/order_input/create_order_input.go:32.70,49.16 5 2
github.com/ln0rd/tech_challenge_12soat/internal/usecase/order_input/create_order_input.go:49.16,51.3 1 1
github.com/ln0rd/tech_challenge_12soat/internal/usecase/order_input/create_order_input.go:53.2,53.12 1 1
github.com/ln0rd/tech_challenge_12soat/internal/usecase/order_input/removeInputFromOrder.go:23.92,25.16 2 4
github.com/ln0rd/tech_challenge_12soat/internal/usecase/order_input/removeInputFromOrder.go:25.16,28.3 2 1
github.com/ln0rd/tech_challenge_12soat/internal/usecase/order_input/removeInputFromOrder.go:29.2,30.19 2 3
github.com/ln0rd/tech_challenge_12soat/internal/usecase/order_input/removeInputFromOrder.go:34.92,36.16 2 3
github.com/ln0rd/tech_challenge_12soat/internal/usecase/order_input/removeInputFromOrder.go:36.16,39.3 2 1
github.com/ln0rd/tech_challenge_12soat/internal/usecase/order_input/removeInputFromOrder.go:40.2,45.19 2 2
github.com/ln0rd/tech_challenge_12soat/internal/usecase/order_input/removeInputFromOrder.go:49.86,50.27 1 6
github.com/ln0rd/tech_challenge_12soat/internal/usecase/order_input/removeInputFromOrder.go:50.27,53.3 2 1
github.com/ln0rd/tech_challenge_12soat/internal/usecase/order_input/removeInputFromOrder.go:54.2,54.12 1 5
github.com/ln0rd/tech_challenge_12soat/internal/usecase/order_input/removeInputFromOrder.go:58.111,61.16 2 4
github.com/ln0rd/tech_challenge_12soat/internal/usecase/order_input/removeInputFromOrder.go:61.16,63.3 1 0
github.com/ln0rd/tech_challenge_12soat/internal/usecase/order_input/removeInputFromOrder.go:66.2,66.41 1 4
github.com/ln0rd/tech_challenge_12soat/internal/usecase/order_input/removeInputFromOrder.go:66.41,67.36 1 2
github.com/ln0rd/tech_challenge_12soat/internal/usecase/order_input/removeInputFromOrder.go:67.36,76.4 2 2
github.com/ln0rd/tech_challenge_12soat/internal/usecase/order_input/removeInputFromOrder.go:79.2,82.49 2 2
github.com/ln0rd/tech_challenge_12soat/internal/usecase/order_input/removeInputFromOrder.go:86.119,87.30 1 4
github.com/ln0rd/tech_challenge_12soat/internal/usecase/order_input/removeInputFromOrder.go:87.30,92.3 2 1
github.com/ln0rd/tech_challenge_12soat/internal/usecase/order_input/removeInputFromOrder.go:95.2,95.44 1 3
github.com/ln0rd/tech_challenge_12soat/internal/usecase/order_input/removeInputFromOrder.go:95.44,101.3 2 1
github.com/ln0rd/tech_challenge_12soat/internal/usecase/order_input/removeInputFromOrder.go:103.2,103.12 1 2
github.com/ln0rd/tech_challenge_12soat/internal/usecase/order_input/removeInputFromOrder.go:107.104,108.34 1 1
github.com/ln0rd/tech_challenge_12soat/internal/usecase/order_input/removeInputFromOrder.go:108.34,114.3 2 0
github.com/ln0rd/tech_challenge_12soat/internal/usecase/order_input/removeInputFromOrder.go:117.2,118.16 2 1
github.com/ln0rd/tech_challenge_12soat/internal/usecase/order_input/removeInputFromOrder.go:118.16,121.3 2 0
github.com/ln0rd/tech_challenge_12soat/internal/usecase/order_input/removeInputFromOrder.go:123.2,128.12 2 1
github.com/ln0rd/tech_challenge_12soat/internal/usecase/order_input/removeInputFromOrder.go:132.130,144.2 4 2
github.com/ln0rd/tech_challenge_12soat/internal/usecase/order_input/removeInputFromOrder.go:147.112,150.16 2 0
github.com/ln0rd/tech_challenge_12soat/internal/usecase/order_input/removeInputFromOrder.go:150.16,152.3 1 0
github.com/ln0rd/tech_challenge_12soat/internal/usecase/order_input/removeInputFromOrder.go:155.2,155.41 1 0
github.com/ln0rd/tech_challenge_12soat/internal/usecase/order_input/removeInputFromOrder.go:155.41,156.36 1 0
github.com/ln0rd/tech_challenge_12soat/internal/usecase/order_input/removeInputFromOrder.go:156.36,158.18 2 0
github.com/ln0rd/tech_challenge_12soat/internal/usecase/order_input/removeInputFromOrder.go:158.18,161.5 2 0
github.com/ln0rd/tech_challenge_12soat/internal/usecase/order_input/removeInputFromOrder.go:163.4,168.14 2 0
github.com/ln0rd/tech_challenge_12soat/internal/usecase/order_input/removeInputFromOrder.go:172.2,172.44 1 0
github.com/ln0rd/tech_challenge_12soat/internal/usecase/order_input/removeInputFromOrder.go:176.153,182.16 4 1
github.com/ln0rd/tech_challenge_12soat/internal/usecase/order_input/removeInputFromOrder.go:182.16,185.3 2 0
github.com/ln0rd/tech_challenge_12soat/internal/usecase/order_input/removeInputFromOrder.go:187.2,194.12 2 1
github.com/ln0rd/tech_challenge_12soat/internal/usecase/order_input/removeInputFromOrder.go:197.107,204.70 2 4
github.com/ln0rd/tech_challenge_12soat/internal/usecase/order_input/removeInputFromOrder.go:204.70,206.3 1 0
github.com/ln0rd/tech_challenge_12soat/internal/usecase/order_input/removeInputFromOrder.go:209.2,210.16 2 4
github.com/ln0rd/tech_challenge_12soat/internal/usecase/order_input/removeInputFromOrder.go:210.16,212.3 1 1
github.com/ln0rd/tech_challenge_12soat/internal/usecase/order_input/removeInputFromOrder.go:215.2,216.16 2 3
github.com/ln0rd/tech_challenge_12soat/internal/usecase/order_input/removeInputFromOrder.go:216.16,218.3 1 1
github.com/ln0rd/tech_challenge_12soat/internal/usecase/order_input/removeInputFromOrder.go:221.2,222.16 2 2
github.com/ln0rd/tech_challenge_12soat/internal/usecase/order_input/removeInputFromOrder.go:222.16,224.3 1 1
github.com/ln0rd/tech_challenge_12soat/internal/usecase/order_input/removeInputFromOrder.go:227.2,227.84 1 1
github.com/ln0rd/tech_challenge_12soat/internal/usecase/order_input/removeInputFromOrder.go:227.84,229.3 1 0
github.com/ln0rd/tech_challenge_12soat/internal/usecase/order_input/removeInputFromOrder.go:231.2,234.74 2 1
github.com/ln0rd/tech_challenge_12soat/internal/usecase/order_input/removeInputFromOrder.go:234.74,236.3 1 0
github.com/ln0rd/tech_challenge_12soat/internal/usecase/order_input/removeInputFromOrder.go:239.2,242.22 2 1
github.com/ln0rd/tech_challenge_12soat/internal/usecase/order_input/removeInputFromOrder.go:242.22,245.3 2 0
github.com/ln0rd/tech_challenge_12soat/internal/usecase/order_input/removeInputFromOrder.go:248.2,248.90 1 1
github.com/ln0rd/tech_challenge_12soat/internal/usecase/order_status_history/manageOrderStatusHistory.go:21.71,23.2 1 11
github.com/ln0rd/tech_challenge_12soat/internal/usecase/order_status_history/manageOrderStatusHistory.go:26.117,28.16 2 13
github.com/ln0rd/tech_challenge_12soat/internal/usecase/order_status_history/manageOrderStatusHistory.go:28.16,29.36 1 2
github.com/ln0rd/tech_challenge_12soat/internal/usecase/order_status_history/manageOrderStatusHistory.go:29.36,33.4 2 1
github.com/ln0rd/tech_challenge_12soat/internal/usecase/order_status_history/manageOrderStatusHistory.go:34.3,35.18 2 1
github.com/ln0rd/tech_challenge_12soat/internal/usecase/order_status_history/manageOrderStatusHistory.go:38.2,38.26 1 11
github.com/ln0rd/tech_challenge_12soat/internal/usecase/order_status_history/manageOrderStatusHistory.go:38.26,43.3 1 9
github.com/ln0rd/tech_challenge_12soat/internal/usecase/order_status_history/manageOrderStatusHistory.go:45.2,45.27 1 11
github.com/ln0rd/tech_challenge_12soat/internal/usecase/order_status_history/manageOrderStatusHistory.go:49.84,51.16 2 6
github.com/ln0rd/tech_challenge_12soat/internal/usecase/order_status_history/manageOrderStatusHistory.go:51.16,53.3 1 0
github.com/ln0rd/tech_challenge_12soat/internal/usecase/order_status_history/manageOrderStatusHistory.go:55.2,55.26 1 6
github.com/ln0rd/tech_challenge_12soat/internal/usecase/order_status_history/manageOrderStatusHistory.go:55.26,60.3 2 1
github.com/ln0rd/tech_challenge_12soat/internal/usecase/order_status_history/manageOrderStatusHistory.go:63.2,68.16 4 5
github.com/ln0rd/tech_challenge_12soat/internal/usecase/order_status_history/manageOrderStatusHistory.go:68.16,71.3 2 2
github.com/ln0rd/tech_challenge_12soat/internal/usecase/order_status_history/manageOrderStatusHistory.go:73.2,79.12 2 3
github.com/ln0rd/tech_challenge_12soat/internal/usecase/order_status_history/manageOrderStatusHistory.go:83.93,94.16 4 5
github.com/ln0rd/tech_challenge_12soat/internal/usecase/order_status_history/manageOrderStatusHistory.go:94.16,97.3 2 2
github.com/ln0rd/tech_challenge_12soat/internal/usecase/order_status_history/manageOrderStatusHistory.go:99.2,104.12 2 3
github.com/ln0rd/tech_challenge_12soat/internal/usecase/order_status_history/manageOrderStatusHistory.go:108.109,110.16 2 4
github.com/ln0rd/tech_challenge_12soat/internal/usecase/order_status_history/manageOrderStatusHistory.go:110.16,112.3 1 0
github.com/ln0rd/tech_challenge_12soat/internal/usecase/order_status_history/manageOrderStatusHistory.go:114.2,114.26 1 4
github.com/ln0rd/tech_challenge_12soat/internal/usecase/order_status_history/manageOrderStatusHistory.go:114.26,119.3 2 1
github.com/ln0rd/tech_challenge_12soat/internal/usecase/order_status_history/manageOrderStatusHistory.go:121.2,134.16 6 3
github.com/ln0rd/tech_challenge_12soat/internal/usecase/order_status_history/manageOrderStatusHistory.go:134.16,137.3 2 1
github.com/ln0rd/tech_challenge_12soat/internal/usecase/order_status_history/manageOrderStatusHistory.go:139.2,146.12 2 2
github.com/ln0rd/tech_challenge_12soat/internal/usecase/order_status_history/manageOrderStatusHistory.go:150.117,152.16 2 3
github.com/ln0rd/tech_challenge_12soat/internal/usecase/order_status_history/manageOrderStatusHistory.go:152.16,155.3 2 1
github.com/ln0rd/tech_challenge_12soat/internal/usecase/order_status_history/manageOrderStatusHistory.go:157.2,161.21 2 2
github.com/ln0rd/tech_challenge_12soat/internal/usecase/order_status_history/manageOrderStatusHistory.go:165.92,167.2 1 3
github.com/ln0rd/tech_challenge_12soat/internal/usecase/order_status_history/manageOrderStatusHistory.go:170.93,178.19 3 4
github.com/ln0rd/tech_challenge_12soat/internal/usecase/order_status_history/manageOrderStatusHistory.go:178.19,185.17 3 1
github.com/ln0rd/tech_challenge_12soat/internal/usecase/order_status_history/manageOrderStatusHistory.go:185.17,188.4 2 0
github.com/ln0rd/tech_challenge_12soat/internal/usecase/order_status_history/manageOrderStatusHistory.go:189.8,192.17 2 3
github.com/ln0rd/tech_challenge_12soat/internal/usecase/order_status_history/manageOrderStatusHistory.go:192.17,195.4 2 1
github.com/ln0rd/tech_challenge_12soat/internal/usecase/order_status_history/manageOrderStatusHistory.go:198.3,199.17 2 2
github.com/ln0rd/tech_challenge_12soat/internal/usecase/order_status_history/manageOrderStatusHistory.go:199.17,202.4 2 1
github.com/ln0rd/tech_challenge_12soat/internal/usecase/order_status_history/manageOrderStatusHistory.go:205.2,210.12 2 2
github.com/ln0rd/tech_challenge_12soat/internal/usecase/order_status_history/manageOrderStatusHistory.go:214.109,216.2 1 1
github.com/ln0rd/tech_challenge_12soat/internal/usecase/vehicle/createVehicle.go:23.82,25.16 2 7
github.com/ln0rd/tech_challenge_12soat/internal/usecase/vehicle/createVehicle.go:25.16,28.3 2 2
github.com/ln0rd/tech_challenge_12soat/internal/usecase/vehicle/createVehicle.go:28.8,28.42 1 5
github.com/ln0rd/tech_challenge_12soat/internal/usecase/vehicle/createVehicle.go:28.42,31.3 2 1
github.com/ln0rd/tech_challenge_12soat/internal/usecase/vehicle/createVehicle.go:33.2,34.12 2 4
github.com/ln0rd/tech_challenge_12soat/internal/usecase/vehicle/createVehicle.go:38.77,39.28 1 6
github.com/ln0rd/tech_challenge_12soat/internal/usecase/vehicle/createVehicle.go:39.28,42.3 2 1
github.com/ln0rd/tech_challenge_12soat/internal/usecase/vehicle/createVehicle.go:44.2,45.16 2 5
github.com/ln0rd/tech_challenge_12soat/internal/usecase/vehicle/createVehicle.go:45.16,48.3 2 2
github.com/ln0rd/tech_challenge_12soat/internal/usecase/vehicle/createVehicle.go:50.2,51.12 2 3
github.com/ln0rd/tech_challenge_12soat/internal/usecase/vehicle/createVehicle.go:55.71,57.16 2 4
github.com/ln0rd/tech_challenge_12soat/internal/usecase/vehicle/createVehicle.go:57.16,60.3 2 2
github.com/ln0rd/tech_challenge_12soat/internal/usecase/vehicle/createVehicle.go:62.2,65.12 2 2
github.com/ln0rd/tech_challenge_12soat/internal/usecase/vehicle/createVehicle.go:68.71,75.77 2 4
github.com/ln0rd/tech_challenge_12soat/internal/usecase/vehicle/createVehicle.go:75.77,77.3 1 1
github.com/ln0rd/tech_challenge_12soat/internal/usecase/vehicle/createVehicle.go:80.2,80.69 1 3
github.com/ln0rd/tech_challenge_12soat/internal/usecase/vehicle/createVehicle.go:80.69,82.3 1 1
github.com/ln0rd/tech_challenge_12soat/internal/usecase/vehicle/createVehicle.go:85.2,93.16 4 2
github.com/ln0rd/tech_challenge_12soat/internal/usecase/vehicle/createVehicle.go:93.16,95.3 1 1
github.com/ln0rd/tech_challenge_12soat/internal/usecase/vehicle/createVehicle.go:97.2,97.12 1 1
github.com/ln0rd/tech_challenge_12soat/internal/usecase/vehicle/deleteByIdVehicle.go:16.70,18.16 2 4
github.com/ln0rd/tech_challenge_12soat/internal/usecase/vehicle/deleteByIdVehicle.go:18.16,21.3 2 2
github.com/ln0rd/tech_challenge_12soat/internal/usecase/vehicle/deleteByIdVehicle.go:23.2,24.12 2 2
github.com/ln0rd/tech_challenge_12soat/internal/usecase/vehicle/deleteByIdVehicle.go:27.58,32.16 3 2
github.com/ln0rd/tech_challenge_12soat/internal/usecase/vehicle/deleteByIdVehicle.go:32.16,34.3 1 1
github.com/ln0rd/tech_challenge_12soat/internal/usecase/vehicle/deleteByIdVehicle.go:36.2,36.12 1 1
github.com/ln0rd/tech_challenge_12soat/internal/usecase/vehicle/findByCustomerIdVehicle.go:19.104,21.16 2 5
github.com/ln0rd/tech_challenge_12soat/internal/usecase/vehicle/findByCustomerIdVehicle.go:21.16,24.3 2 2
github.com/ln0rd/tech_challenge_12soat/internal/usecase/vehicle/findByCustomerIdVehicle.go:26.2,27.22 2 3
github.com/ln0rd/tech_challenge_12soat/internal/usecase/vehicle/findByCustomerIdVehicle.go:30.92,35.16 3 3
github.com/ln0rd/tech_challenge_12soat/internal/usecase/vehicle/findByCustomerIdVehicle.go:35.16,37.3 1 1
github.com/ln0rd/tech_challenge_12soat/internal/usecase/vehicle/findByCustomerIdVehicle.go:40.2,41.35 2 2
github.com/ln0rd/tech_challenge_12soat/internal/usecase/vehicle/findByCustomerIdVehicle.go:41.35,44.3 2 2
github.com/ln0rd/tech_challenge_12soat/internal/usecase/vehicle/findByCustomerIdVehicle.go:46.2,49.28 2 2
github.com/ln0rd/tech_challenge_12soat/internal/usecase/vehicle/findByIdVehicle.go:19.86,21.16 2 4
github.com/ln0rd/tech_challenge_12soat/internal/usecase/vehicle/findByIdVehicle.go:21.16,24.3 2 2
github.com/ln0rd/tech_challenge_12soat/internal/usecase/vehicle/findByIdVehicle.go:26.2,32.21 2 2
github.com/ln0rd/tech_challenge_12soat/internal/usecase/vehicle/findByIdVehicle.go:35.75,40.16 3 2
github.com/ln0rd/tech_challenge_12soat/internal/usecase/vehicle/findByIdVehicle.go:40.16,42.3 1 1
github.com/ln0rd/tech_challenge_12soat/internal/usecase/vehicle/findByIdVehicle.go:45.2,48.27 3 1
github.com/ln0rd/tech_challenge_12soat/internal/usecase/vehicle/updateByIdVehicle.go:22.88,24.16 2 7
github.com/ln0rd/tech_challenge_12soat/internal/usecase/vehicle/updateByIdVehicle.go:24.16,27.3 2 2
github.com/ln0rd/tech_challenge_12soat/internal/usecase/vehicle/updateByIdVehicle.go:29.2,35.21 2 5
github.com/ln0rd/tech_challenge_12soat/internal/usecase/vehicle/updateByIdVehicle.go:39.107,41.56 2 4
github.com/ln0rd/tech_challenge_12soat/internal/usecase/vehicle/updateByIdVehicle.go:41.56,44.3 2 2
github.com/ln0rd/tech_challenge_12soat/internal/usecase/vehicle/updateByIdVehicle.go:44.8,44.56 1 2
github.com/ln0rd/tech_challenge_12soat/internal/usecase/vehicle/updateByIdVehicle.go:44.56,47.3 2 0
github.com/ln0rd/tech_challenge_12soat/internal/usecase/vehicle/updateByIdVehicle.go:49.2,50.12 2 2
github.com/ln0rd/tech_challenge_12soat/internal/usecase/vehicle/updateByIdVehicle.go:54.81,55.28 1 6
github.com/ln0rd/tech_challenge_12soat/internal/usecase/vehicle/updateByIdVehicle.go:55.28,58.3 2 1
github.com/ln0rd/tech_challenge_12soat/internal/usecase/vehicle/updateByIdVehicle.go:60.2,61.16 2 5
github.com/ln0rd/tech_challenge_12soat/internal/usecase/vehicle/updateByIdVehicle.go:61.16,64.3 2 2
github.com/ln0rd/tech_challenge_12soat/internal/usecase/vehicle/updateByIdVehicle.go:66.2,67.12 2 3
github.com/ln0rd/tech_challenge_12soat/internal/usecase/vehicle/updateByIdVehicle.go:71.107,85.2 8 3
github.com/ln0rd/tech_challenge_12soat/internal/usecase/vehicle/updateByIdVehicle.go:88.77,90.16 2 4
github.com/ln0rd/tech_challenge_12soat/internal/usecase/vehicle/updateByIdVehicle.go:90.16,93.3 2 2
github.com/ln0rd/tech_challenge_12soat/internal/usecase/vehicle/updateByIdVehicle.go:95.2,96.12 2 2
github.com/ln0rd/tech_challenge_12soat/internal/usecase/vehicle/updateByIdVehicle.go:99.82,108.16 3 5
github.com/ln0rd/tech_challenge_12soat/internal/usecase/vehicle/updateByIdVehicle.go:108.16,110.3 1 1
github.com/ln0rd/tech_challenge_12soat/internal/usecase/vehicle/updateByIdVehicle.go:113.2,113.55 1 4
github.com/ln0rd/tech_challenge_12soat/internal/usecase/vehicle/updateByIdVehicle.go:113.55,114.82 1 1
github.com/ln0rd/tech_challenge_12soat/internal/usecase/vehicle/updateByIdVehicle.go:114.82,116.4 1 1
github.com/ln0rd/tech_challenge_12soat/internal/usecase/vehicle/updateByIdVehicle.go:120.2,120.69 1 3
github.com/ln0rd/tech_challenge_12soat/internal/usecase/vehicle/updateByIdVehicle.go:120.69,122.3 1 1
github.com/ln0rd/tech_challenge_12soat/internal/usecase/vehicle/updateByIdVehicle.go:125.2,129.16 3 2
github.com/ln0rd/tech_challenge_12soat/internal/usecase/vehicle/updateByIdVehicle.go:129.16,131.3 1 1
github.com/ln0rd/tech_challenge_12soat/internal/usecase/vehicle/updateByIdVehicle.go:133.2,133.12 1 1
github.com/ln0rd/tech_challenge_12soat/internal/usecase/user/create_user.go:22.67,24.16 2 8
github.com/ln0rd/tech_challenge_12soat/internal/usecase/user/create_user.go:24.16,27.3 2 2
github.com/ln0rd/tech_challenge_12soat/internal/usecase/user/create_user.go:27.8,27.42 1 6
github.com/ln0rd/tech_challenge_12soat/internal/usecase/user/create_user.go:27.42,30.3 2 2
github.com/ln0rd/tech_challenge_12soat/internal/usecase/user/create_user.go:32.2,33.12 2 4
github.com/ln0rd/tech_challenge_12soat/internal/usecase/user/create_user.go:37.69,39.16 2 5
github.com/ln0rd/tech_challenge_12soat/internal/usecase/user/create_user.go:39.16,42.3 2 0
github.com/ln0rd/tech_challenge_12soat/internal/usecase/user/create_user.go:44.2,45.36 2 5
github.com/ln0rd/tech_challenge_12soat/internal/usecase/user/create_user.go:49.62,51.16 2 5
github.com/ln0rd/tech_challenge_12soat/internal/usecase/user/create_user.go:51.16,54.3 2 2
github.com/ln0rd/tech_challenge_12soat/internal/usecase/user/create_user.go:56.2,59.12 2 3
github.com/ln0rd/tech_challenge_12soat/internal/usecase/user/create_user.go:62.58,66.65 2 5
github.com/ln0rd/tech_challenge_12soat/internal/usecase/user/create_user.go:66.65,68.3 1 2
github.com/ln0rd/tech_challenge_12soat/internal/usecase/user/create_user.go:71.2,72.16 2 3
github.com/ln0rd/tech_challenge_12soat/internal/usecase/user/create_user.go:72.16,74.3 1 0
github.com/ln0rd/tech_challenge_12soat/internal/usecase/user/create_user.go:77.2,87.16 5 3
github.com/ln0rd/tech_challenge_12soat/internal/usecase/user/create_user.go:87.16,89.3 1 1
github.com/ln0rd/tech_challenge_12soat/internal/usecase/user/create_user.go:91.2,91.12 1 2
